{"C:\\project\\.NET\\deepseek-harness\\packages\\evolution\\command-evolution\\src\\index.ts": {"path":"C:\\project\\.NET\\deepseek-harness\\packages\\evolution\\command-evolution\\src\\index.ts","statementMap":{"0":{"start":{"line":45,"column":20},"end":{"line":45,"column":null}},"1":{"start":{"line":48,"column":22},"end":{"line":48,"column":null}},"2":{"start":{"line":57,"column":33},"end":{"line":59,"column":null}},"3":{"start":{"line":72,"column":21},"end":{"line":72,"column":null}},"4":{"start":{"line":75,"column":21},"end":{"line":75,"column":null}},"5":{"start":{"line":78,"column":22},"end":{"line":78,"column":null}},"6":{"start":{"line":81,"column":29},"end":{"line":81,"column":null}},"7":{"start":{"line":84,"column":21},"end":{"line":84,"column":null}},"8":{"start":{"line":87,"column":20},"end":{"line":87,"column":null}},"9":{"start":{"line":90,"column":20},"end":{"line":90,"column":null}},"10":{"start":{"line":101,"column":17},"end":{"line":101,"column":null}},"11":{"start":{"line":102,"column":2},"end":{"line":104,"column":null}},"12":{"start":{"line":102,"column":29},"end":{"line":104,"column":11}},"13":{"start":{"line":108,"column":22},"end":{"line":108,"column":null}},"14":{"start":{"line":111,"column":25},"end":{"line":111,"column":null}},"15":{"start":{"line":114,"column":20},"end":{"line":114,"column":null}},"16":{"start":{"line":117,"column":26},"end":{"line":117,"column":null}},"17":{"start":{"line":120,"column":21},"end":{"line":120,"column":null}},"18":{"start":{"line":123,"column":26},"end":{"line":123,"column":null}},"19":{"start":{"line":130,"column":2},"end":{"line":130,"column":null}},"20":{"start":{"line":130,"column":28},"end":{"line":130,"column":null}},"21":{"start":{"line":131,"column":2},"end":{"line":133,"column":null}},"22":{"start":{"line":132,"column":4},"end":{"line":132,"column":null}},"23":{"start":{"line":142,"column":2},"end":{"line":142,"column":null}},"24":{"start":{"line":142,"column":54},"end":{"line":142,"column":69}},"25":{"start":{"line":154,"column":17},"end":{"line":154,"column":null}},"26":{"start":{"line":154,"column":60},"end":{"line":154,"column":97}},"27":{"start":{"line":155,"column":2},"end":{"line":155,"column":null}},"28":{"start":{"line":155,"column":28},"end":{"line":155,"column":null}},"29":{"start":{"line":156,"column":14},"end":{"line":156,"column":null}},"30":{"start":{"line":157,"column":20},"end":{"line":157,"column":null}},"31":{"start":{"line":157,"column":84},"end":{"line":157,"column":93}},"32":{"start":{"line":158,"column":16},"end":{"line":160,"column":null}},"33":{"start":{"line":160,"column":49},"end":{"line":160,"column":73}},"34":{"start":{"line":161,"column":2},"end":{"line":161,"column":null}},"35":{"start":{"line":161,"column":27},"end":{"line":161,"column":null}},"36":{"start":{"line":162,"column":2},"end":{"line":162,"column":null}},"37":{"start":{"line":171,"column":2},"end":{"line":171,"column":null}},"38":{"start":{"line":181,"column":16},"end":{"line":181,"column":null}},"39":{"start":{"line":182,"column":2},"end":{"line":182,"column":null}},"40":{"start":{"line":193,"column":19},"end":{"line":193,"column":null}},"41":{"start":{"line":194,"column":2},"end":{"line":194,"column":null}},"42":{"start":{"line":194,"column":30},"end":{"line":194,"column":null}},"43":{"start":{"line":195,"column":2},"end":{"line":198,"column":null}},"44":{"start":{"line":196,"column":22},"end":{"line":196,"column":null}},"45":{"start":{"line":197,"column":4},"end":{"line":197,"column":null}},"46":{"start":{"line":199,"column":21},"end":{"line":199,"column":null}},"47":{"start":{"line":200,"column":2},"end":{"line":200,"column":null}},"48":{"start":{"line":200,"column":32},"end":{"line":200,"column":null}},"49":{"start":{"line":205,"column":19},"end":{"line":205,"column":null}},"50":{"start":{"line":205,"column":42},"end":{"line":205,"column":66}},"51":{"start":{"line":206,"column":2},"end":{"line":206,"column":null}},"52":{"start":{"line":206,"column":39},"end":{"line":206,"column":null}},"53":{"start":{"line":207,"column":2},"end":{"line":207,"column":null}},"54":{"start":{"line":207,"column":42},"end":{"line":207,"column":null}},"55":{"start":{"line":210,"column":22},"end":{"line":210,"column":null}},"56":{"start":{"line":211,"column":2},"end":{"line":211,"column":null}},"57":{"start":{"line":223,"column":2},"end":{"line":223,"column":null}},"58":{"start":{"line":223,"column":37},"end":{"line":223,"column":null}},"59":{"start":{"line":224,"column":20},"end":{"line":224,"column":null}},"60":{"start":{"line":225,"column":2},"end":{"line":225,"column":null}},"61":{"start":{"line":225,"column":33},"end":{"line":225,"column":null}},"62":{"start":{"line":226,"column":26},"end":{"line":226,"column":null}},"63":{"start":{"line":227,"column":2},"end":{"line":230,"column":null}},"64":{"start":{"line":228,"column":19},"end":{"line":228,"column":null}},"65":{"start":{"line":229,"column":4},"end":{"line":229,"column":null}},"66":{"start":{"line":229,"column":30},"end":{"line":229,"column":null}},"67":{"start":{"line":231,"column":2},"end":{"line":231,"column":null}},"68":{"start":{"line":242,"column":15},"end":{"line":242,"column":null}},"69":{"start":{"line":243,"column":2},"end":{"line":243,"column":null}},"70":{"start":{"line":254,"column":2},"end":{"line":254,"column":null}},"71":{"start":{"line":254,"column":27},"end":{"line":254,"column":null}},"72":{"start":{"line":255,"column":17},"end":{"line":255,"column":null}},"73":{"start":{"line":256,"column":2},"end":{"line":256,"column":null}},"74":{"start":{"line":256,"column":41},"end":{"line":256,"column":74}},"75":{"start":{"line":269,"column":2},"end":{"line":269,"column":null}},"76":{"start":{"line":269,"column":53},"end":{"line":269,"column":null}},"77":{"start":{"line":270,"column":2},"end":{"line":270,"column":null}},"78":{"start":{"line":288,"column":2},"end":{"line":295,"column":null}},"79":{"start":{"line":289,"column":4},"end":{"line":290,"column":null}},"80":{"start":{"line":289,"column":28},"end":{"line":289,"column":null}},"81":{"start":{"line":290,"column":9},"end":{"line":290,"column":null}},"82":{"start":{"line":292,"column":10},"end":{"line":292,"column":null}},"83":{"start":{"line":293,"column":4},"end":{"line":293,"column":null}},"84":{"start":{"line":293,"column":31},"end":{"line":293,"column":null}},"85":{"start":{"line":294,"column":4},"end":{"line":294,"column":null}},"86":{"start":{"line":296,"column":2},"end":{"line":296,"column":null}},"87":{"start":{"line":313,"column":30},"end":{"line":313,"column":null}},"88":{"start":{"line":314,"column":2},"end":{"line":317,"column":null}},"89":{"start":{"line":315,"column":19},"end":{"line":315,"column":null}},"90":{"start":{"line":316,"column":4},"end":{"line":316,"column":null}},"91":{"start":{"line":318,"column":2},"end":{"line":335,"column":null}},"92":{"start":{"line":319,"column":18},"end":{"line":319,"column":null}},"93":{"start":{"line":319,"column":76},"end":{"line":319,"column":95}},"94":{"start":{"line":320,"column":4},"end":{"line":320,"column":null}},"95":{"start":{"line":320,"column":29},"end":{"line":320,"column":null}},"96":{"start":{"line":321,"column":4},"end":{"line":326,"column":null}},"97":{"start":{"line":322,"column":6},"end":{"line":325,"column":null}},"98":{"start":{"line":327,"column":4},"end":{"line":334,"column":null}},"99":{"start":{"line":336,"column":2},"end":{"line":336,"column":null}},"100":{"start":{"line":351,"column":2},"end":{"line":351,"column":null}},"101":{"start":{"line":351,"column":49},"end":{"line":351,"column":null}},"102":{"start":{"line":352,"column":19},"end":{"line":352,"column":null}},"103":{"start":{"line":353,"column":2},"end":{"line":353,"column":null}},"104":{"start":{"line":353,"column":30},"end":{"line":353,"column":null}},"105":{"start":{"line":354,"column":2},"end":{"line":361,"column":null}},"106":{"start":{"line":355,"column":4},"end":{"line":355,"column":null}},"107":{"start":{"line":357,"column":4},"end":{"line":357,"column":null}},"108":{"start":{"line":357,"column":35},"end":{"line":357,"column":null}},"109":{"start":{"line":358,"column":10},"end":{"line":358,"column":null}},"110":{"start":{"line":359,"column":4},"end":{"line":359,"column":null}},"111":{"start":{"line":359,"column":31},"end":{"line":359,"column":null}},"112":{"start":{"line":360,"column":4},"end":{"line":360,"column":null}},"113":{"start":{"line":362,"column":2},"end":{"line":362,"column":null}},"114":{"start":{"line":378,"column":14},"end":{"line":378,"column":null}},"115":{"start":{"line":379,"column":26},"end":{"line":379,"column":null}},"116":{"start":{"line":381,"column":2},"end":{"line":384,"column":null}},"117":{"start":{"line":382,"column":4},"end":{"line":382,"column":null}},"118":{"start":{"line":383,"column":4},"end":{"line":383,"column":null}},"119":{"start":{"line":386,"column":2},"end":{"line":397,"column":null}},"120":{"start":{"line":387,"column":16},"end":{"line":387,"column":null}},"121":{"start":{"line":388,"column":4},"end":{"line":395,"column":null}},"122":{"start":{"line":389,"column":20},"end":{"line":389,"column":null}},"123":{"start":{"line":390,"column":6},"end":{"line":390,"column":null}},"124":{"start":{"line":390,"column":78},"end":{"line":390,"column":null}},"125":{"start":{"line":391,"column":6},"end":{"line":391,"column":null}},"126":{"start":{"line":392,"column":6},"end":{"line":392,"column":null}},"127":{"start":{"line":394,"column":6},"end":{"line":394,"column":null}},"128":{"start":{"line":396,"column":4},"end":{"line":396,"column":null}},"129":{"start":{"line":399,"column":2},"end":{"line":399,"column":null}},"130":{"start":{"line":407,"column":15},"end":{"line":407,"column":null}},"131":{"start":{"line":408,"column":19},"end":{"line":408,"column":null}},"132":{"start":{"line":409,"column":2},"end":{"line":409,"column":null}},"133":{"start":{"line":427,"column":17},"end":{"line":427,"column":null}},"134":{"start":{"line":428,"column":2},"end":{"line":428,"column":null}},"135":{"start":{"line":428,"column":28},"end":{"line":428,"column":null}},"136":{"start":{"line":430,"column":16},"end":{"line":430,"column":null}},"137":{"start":{"line":431,"column":16},"end":{"line":431,"column":null}},"138":{"start":{"line":432,"column":8},"end":{"line":439,"column":null}},"139":{"start":{"line":442,"column":18},"end":{"line":442,"column":null}},"140":{"start":{"line":444,"column":17},"end":{"line":444,"column":null}},"141":{"start":{"line":445,"column":8},"end":{"line":445,"column":null}},"142":{"start":{"line":447,"column":8},"end":{"line":450,"column":null}},"143":{"start":{"line":452,"column":18},"end":{"line":452,"column":null}},"144":{"start":{"line":453,"column":2},"end":{"line":453,"column":null}},"145":{"start":{"line":454,"column":2},"end":{"line":454,"column":null}},"146":{"start":{"line":456,"column":2},"end":{"line":456,"column":null}},"147":{"start":{"line":471,"column":15},"end":{"line":471,"column":null}},"148":{"start":{"line":472,"column":2},"end":{"line":472,"column":null}},"149":{"start":{"line":472,"column":28},"end":{"line":472,"column":null}},"150":{"start":{"line":473,"column":16},"end":{"line":473,"column":null}},"151":{"start":{"line":474,"column":2},"end":{"line":474,"column":null}},"152":{"start":{"line":474,"column":47},"end":{"line":474,"column":null}},"153":{"start":{"line":475,"column":16},"end":{"line":475,"column":null}},"154":{"start":{"line":476,"column":2},"end":{"line":486,"column":null}},"155":{"start":{"line":503,"column":38},"end":{"line":503,"column":null}},"156":{"start":{"line":504,"column":2},"end":{"line":504,"column":null}},"157":{"start":{"line":504,"column":47},"end":{"line":504,"column":null}},"158":{"start":{"line":505,"column":16},"end":{"line":505,"column":null}},"159":{"start":{"line":506,"column":2},"end":{"line":506,"column":null}},"160":{"start":{"line":506,"column":27},"end":{"line":506,"column":null}},"161":{"start":{"line":507,"column":2},"end":{"line":517,"column":null}},"162":{"start":{"line":508,"column":19},"end":{"line":508,"column":null}},"163":{"start":{"line":509,"column":4},"end":{"line":509,"column":null}},"164":{"start":{"line":509,"column":30},"end":{"line":509,"column":null}},"165":{"start":{"line":510,"column":4},"end":{"line":512,"column":null}},"166":{"start":{"line":511,"column":6},"end":{"line":511,"column":null}},"167":{"start":{"line":513,"column":4},"end":{"line":516,"column":null}},"168":{"start":{"line":515,"column":89},"end":{"line":515,"column":101}},"169":{"start":{"line":518,"column":18},"end":{"line":518,"column":null}},"170":{"start":{"line":519,"column":34},"end":{"line":519,"column":null}},"171":{"start":{"line":520,"column":2},"end":{"line":520,"column":null}},"172":{"start":{"line":520,"column":28},"end":{"line":520,"column":null}},"173":{"start":{"line":521,"column":2},"end":{"line":527,"column":null}},"174":{"start":{"line":525,"column":33},"end":{"line":525,"column":84}},"175":{"start":{"line":545,"column":30},"end":{"line":545,"column":null}},"176":{"start":{"line":546,"column":8},"end":{"line":546,"column":null}},"177":{"start":{"line":546,"column":81},"end":{"line":546,"column":103}},"178":{"start":{"line":547,"column":2},"end":{"line":551,"column":null}},"179":{"start":{"line":550,"column":4},"end":{"line":550,"column":null}},"180":{"start":{"line":552,"column":2},"end":{"line":561,"column":null}},"181":{"start":{"line":553,"column":18},"end":{"line":553,"column":null}},"182":{"start":{"line":553,"column":43},"end":{"line":553,"column":62}},"183":{"start":{"line":554,"column":4},"end":{"line":554,"column":null}},"184":{"start":{"line":554,"column":29},"end":{"line":554,"column":null}},"185":{"start":{"line":555,"column":4},"end":{"line":560,"column":null}},"186":{"start":{"line":562,"column":2},"end":{"line":562,"column":null}},"187":{"start":{"line":591,"column":12},"end":{"line":591,"column":null}},"188":{"start":{"line":592,"column":2},"end":{"line":605,"column":null}},"189":{"start":{"line":592,"column":19},"end":{"line":592,"column":22}},"190":{"start":{"line":593,"column":16},"end":{"line":593,"column":null}},"191":{"start":{"line":594,"column":4},"end":{"line":604,"column":null}},"192":{"start":{"line":595,"column":6},"end":{"line":595,"column":null}},"193":{"start":{"line":595,"column":15},"end":{"line":595,"column":null}},"194":{"start":{"line":596,"column":6},"end":{"line":596,"column":null}},"195":{"start":{"line":597,"column":11},"end":{"line":604,"column":null}},"196":{"start":{"line":598,"column":20},"end":{"line":598,"column":null}},"197":{"start":{"line":599,"column":6},"end":{"line":599,"column":null}},"198":{"start":{"line":599,"column":78},"end":{"line":599,"column":null}},"199":{"start":{"line":600,"column":6},"end":{"line":600,"column":null}},"200":{"start":{"line":601,"column":6},"end":{"line":601,"column":null}},"201":{"start":{"line":603,"column":6},"end":{"line":603,"column":null}},"202":{"start":{"line":606,"column":2},"end":{"line":606,"column":null}},"203":{"start":{"line":616,"column":2},"end":{"line":626,"column":null}},"204":{"start":{"line":617,"column":19},"end":{"line":617,"column":null}},"205":{"start":{"line":618,"column":4},"end":{"line":621,"column":null}},"206":{"start":{"line":623,"column":10},"end":{"line":623,"column":null}},"207":{"start":{"line":624,"column":4},"end":{"line":624,"column":null}},"208":{"start":{"line":624,"column":31},"end":{"line":624,"column":null}},"209":{"start":{"line":625,"column":4},"end":{"line":625,"column":null}},"210":{"start":{"line":642,"column":15},"end":{"line":642,"column":null}},"211":{"start":{"line":643,"column":2},"end":{"line":643,"column":null}},"212":{"start":{"line":643,"column":26},"end":{"line":643,"column":null}},"213":{"start":{"line":644,"column":19},"end":{"line":644,"column":null}},"214":{"start":{"line":645,"column":2},"end":{"line":645,"column":null}},"215":{"start":{"line":645,"column":30},"end":{"line":645,"column":null}},"216":{"start":{"line":646,"column":18},"end":{"line":646,"column":null}},"217":{"start":{"line":647,"column":2},"end":{"line":647,"column":null}},"218":{"start":{"line":647,"column":17},"end":{"line":647,"column":null}},"219":{"start":{"line":647,"column":56},"end":{"line":647,"column":116}},"220":{"start":{"line":648,"column":21},"end":{"line":648,"column":null}},"221":{"start":{"line":649,"column":2},"end":{"line":649,"column":null}},"222":{"start":{"line":649,"column":32},"end":{"line":649,"column":null}},"223":{"start":{"line":650,"column":8},"end":{"line":650,"column":null}},"224":{"start":{"line":651,"column":2},"end":{"line":651,"column":null}},"225":{"start":{"line":651,"column":41},"end":{"line":651,"column":77}},"226":{"start":{"line":660,"column":2},"end":{"line":666,"column":null}},"227":{"start":{"line":677,"column":16},"end":{"line":677,"column":null}},"228":{"start":{"line":678,"column":2},"end":{"line":678,"column":null}},"229":{"start":{"line":678,"column":26},"end":{"line":678,"column":null}},"230":{"start":{"line":679,"column":2},"end":{"line":682,"column":null}},"231":{"start":{"line":683,"column":2},"end":{"line":686,"column":null}},"232":{"start":{"line":710,"column":16},"end":{"line":710,"column":null}},"233":{"start":{"line":711,"column":2},"end":{"line":711,"column":null}},"234":{"start":{"line":711,"column":51},"end":{"line":711,"column":null}},"235":{"start":{"line":712,"column":40},"end":{"line":712,"column":null}},"236":{"start":{"line":713,"column":2},"end":{"line":713,"column":null}},"237":{"start":{"line":713,"column":66},"end":{"line":713,"column":null}},"238":{"start":{"line":714,"column":2},"end":{"line":714,"column":null}},"239":{"start":{"line":714,"column":51},"end":{"line":714,"column":null}},"240":{"start":{"line":715,"column":2},"end":{"line":715,"column":null}},"241":{"start":{"line":727,"column":2},"end":{"line":727,"column":null}},"242":{"start":{"line":727,"column":49},"end":{"line":727,"column":null}},"243":{"start":{"line":728,"column":18},"end":{"line":728,"column":null}},"244":{"start":{"line":729,"column":2},"end":{"line":729,"column":null}},"245":{"start":{"line":729,"column":29},"end":{"line":729,"column":null}},"246":{"start":{"line":730,"column":14},"end":{"line":730,"column":null}},"247":{"start":{"line":731,"column":18},"end":{"line":731,"column":null}},"248":{"start":{"line":732,"column":88},"end":{"line":732,"column":null}},"249":{"start":{"line":733,"column":2},"end":{"line":739,"column":null}},"250":{"start":{"line":734,"column":18},"end":{"line":734,"column":null}},"251":{"start":{"line":735,"column":4},"end":{"line":735,"column":null}},"252":{"start":{"line":735,"column":29},"end":{"line":735,"column":null}},"253":{"start":{"line":736,"column":22},"end":{"line":736,"column":null}},"254":{"start":{"line":737,"column":4},"end":{"line":737,"column":null}},"255":{"start":{"line":737,"column":33},"end":{"line":737,"column":null}},"256":{"start":{"line":738,"column":4},"end":{"line":738,"column":null}},"257":{"start":{"line":740,"column":2},"end":{"line":740,"column":null}},"258":{"start":{"line":740,"column":30},"end":{"line":740,"column":null}},"259":{"start":{"line":741,"column":2},"end":{"line":748,"column":null}},"260":{"start":{"line":745,"column":32},"end":{"line":745,"column":146}},"261":{"start":{"line":759,"column":15},"end":{"line":759,"column":null}},"262":{"start":{"line":760,"column":15},"end":{"line":760,"column":null}},"263":{"start":{"line":761,"column":15},"end":{"line":761,"column":null}},"264":{"start":{"line":762,"column":2},"end":{"line":762,"column":null}},"265":{"start":{"line":762,"column":26},"end":{"line":762,"column":null}},"266":{"start":{"line":765,"column":2},"end":{"line":770,"column":null}},"267":{"start":{"line":766,"column":4},"end":{"line":766,"column":null}},"268":{"start":{"line":766,"column":27},"end":{"line":766,"column":null}},"269":{"start":{"line":767,"column":22},"end":{"line":767,"column":null}},"270":{"start":{"line":768,"column":4},"end":{"line":768,"column":null}},"271":{"start":{"line":768,"column":33},"end":{"line":768,"column":null}},"272":{"start":{"line":769,"column":4},"end":{"line":769,"column":null}},"273":{"start":{"line":774,"column":2},"end":{"line":783,"column":null}},"274":{"start":{"line":775,"column":19},"end":{"line":775,"column":87}},"275":{"start":{"line":775,"column":40},"end":{"line":775,"column":87}},"276":{"start":{"line":775,"column":87},"end":{"line":775,"column":null}},"277":{"start":{"line":776,"column":16},"end":{"line":776,"column":134}},"278":{"start":{"line":776,"column":87},"end":{"line":776,"column":134}},"279":{"start":{"line":776,"column":134},"end":{"line":776,"column":null}},"280":{"start":{"line":777,"column":18},"end":{"line":777,"column":88}},"281":{"start":{"line":777,"column":41},"end":{"line":777,"column":88}},"282":{"start":{"line":777,"column":88},"end":{"line":777,"column":null}},"283":{"start":{"line":778,"column":18},"end":{"line":778,"column":136}},"284":{"start":{"line":778,"column":89},"end":{"line":778,"column":136}},"285":{"start":{"line":778,"column":136},"end":{"line":778,"column":null}},"286":{"start":{"line":779,"column":21},"end":{"line":779,"column":113}},"287":{"start":{"line":779,"column":66},"end":{"line":779,"column":113}},"288":{"start":{"line":779,"column":113},"end":{"line":779,"column":null}},"289":{"start":{"line":780,"column":19},"end":{"line":780,"column":87}},"290":{"start":{"line":780,"column":40},"end":{"line":780,"column":87}},"291":{"start":{"line":780,"column":87},"end":{"line":780,"column":null}},"292":{"start":{"line":781,"column":19},"end":{"line":781,"column":87}},"293":{"start":{"line":781,"column":40},"end":{"line":781,"column":87}},"294":{"start":{"line":781,"column":87},"end":{"line":781,"column":null}},"295":{"start":{"line":782,"column":13},"end":{"line":782,"column":null}},"296":{"start":{"line":785,"column":18},"end":{"line":785,"column":null}},"297":{"start":{"line":786,"column":2},"end":{"line":786,"column":null}},"298":{"start":{"line":786,"column":29},"end":{"line":786,"column":null}},"299":{"start":{"line":788,"column":2},"end":{"line":797,"column":null}},"300":{"start":{"line":789,"column":19},"end":{"line":789,"column":null}},"301":{"start":{"line":790,"column":16},"end":{"line":790,"column":null}},"302":{"start":{"line":791,"column":18},"end":{"line":791,"column":null}},"303":{"start":{"line":792,"column":18},"end":{"line":792,"column":null}},"304":{"start":{"line":793,"column":21},"end":{"line":793,"column":null}},"305":{"start":{"line":794,"column":19},"end":{"line":794,"column":null}},"306":{"start":{"line":795,"column":19},"end":{"line":795,"column":null}},"307":{"start":{"line":796,"column":13},"end":{"line":796,"column":null}},"308":{"start":{"line":807,"column":20},"end":{"line":807,"column":null}},"309":{"start":{"line":808,"column":18},"end":{"line":808,"column":null}},"310":{"start":{"line":809,"column":8},"end":{"line":810,"column":null}},"311":{"start":{"line":810,"column":4},"end":{"line":810,"column":null}},"312":{"start":{"line":810,"column":28},"end":{"line":810,"column":59}},"313":{"start":{"line":811,"column":17},"end":{"line":811,"column":null}},"314":{"start":{"line":812,"column":17},"end":{"line":812,"column":null}},"315":{"start":{"line":813,"column":16},"end":{"line":813,"column":null}},"316":{"start":{"line":814,"column":17},"end":{"line":814,"column":null}},"317":{"start":{"line":815,"column":16},"end":{"line":826,"column":null}},"318":{"start":{"line":819,"column":160},"end":{"line":819,"column":178}},"319":{"start":{"line":827,"column":2},"end":{"line":827,"column":null}},"320":{"start":{"line":837,"column":17},"end":{"line":837,"column":null}},"321":{"start":{"line":838,"column":8},"end":{"line":838,"column":null}},"322":{"start":{"line":838,"column":58},"end":{"line":838,"column":null}},"323":{"start":{"line":839,"column":2},"end":{"line":852,"column":null}},"324":{"start":{"line":845,"column":46},"end":{"line":845,"column":107}},"325":{"start":{"line":848,"column":105},"end":{"line":848,"column":119}},"326":{"start":{"line":863,"column":2},"end":{"line":868,"column":null}},"327":{"start":{"line":864,"column":19},"end":{"line":864,"column":null}},"328":{"start":{"line":865,"column":4},"end":{"line":865,"column":null}},"329":{"start":{"line":867,"column":4},"end":{"line":867,"column":null}},"330":{"start":{"line":878,"column":30},"end":{"line":878,"column":null}},"331":{"start":{"line":879,"column":17},"end":{"line":881,"column":null}},"332":{"start":{"line":882,"column":16},"end":{"line":882,"column":null}},"333":{"start":{"line":882,"column":51},"end":{"line":882,"column":102}},"334":{"start":{"line":883,"column":2},"end":{"line":883,"column":null}},"335":{"start":{"line":894,"column":2},"end":{"line":905,"column":null}},"336":{"start":{"line":895,"column":35},"end":{"line":895,"column":null}},"337":{"start":{"line":896,"column":4},"end":{"line":902,"column":null}},"338":{"start":{"line":900,"column":36},"end":{"line":900,"column":70}},"339":{"start":{"line":904,"column":4},"end":{"line":904,"column":null}},"340":{"start":{"line":915,"column":32},"end":{"line":915,"column":null}},"341":{"start":{"line":916,"column":2},"end":{"line":916,"column":null}},"342":{"start":{"line":916,"column":27},"end":{"line":916,"column":null}},"343":{"start":{"line":917,"column":16},"end":{"line":919,"column":null}},"344":{"start":{"line":918,"column":4},"end":{"line":918,"column":null}},"345":{"start":{"line":920,"column":2},"end":{"line":920,"column":null}},"346":{"start":{"line":929,"column":15},"end":{"line":929,"column":null}},"347":{"start":{"line":930,"column":2},"end":{"line":930,"column":null}},"348":{"start":{"line":930,"column":25},"end":{"line":930,"column":null}},"349":{"start":{"line":931,"column":16},"end":{"line":931,"column":null}},"350":{"start":{"line":931,"column":32},"end":{"line":931,"column":81}},"351":{"start":{"line":932,"column":2},"end":{"line":932,"column":null}},"352":{"start":{"line":942,"column":2},"end":{"line":947,"column":null}},"353":{"start":{"line":943,"column":4},"end":{"line":943,"column":null}},"354":{"start":{"line":944,"column":4},"end":{"line":944,"column":null}},"355":{"start":{"line":946,"column":4},"end":{"line":946,"column":null}},"356":{"start":{"line":957,"column":2},"end":{"line":962,"column":null}},"357":{"start":{"line":958,"column":4},"end":{"line":958,"column":null}},"358":{"start":{"line":959,"column":4},"end":{"line":959,"column":null}},"359":{"start":{"line":961,"column":4},"end":{"line":961,"column":null}},"360":{"start":{"line":979,"column":19},"end":{"line":979,"column":null}},"361":{"start":{"line":980,"column":2},"end":{"line":980,"column":null}},"362":{"start":{"line":980,"column":30},"end":{"line":980,"column":null}},"363":{"start":{"line":981,"column":27},"end":{"line":981,"column":null}},"364":{"start":{"line":982,"column":36},"end":{"line":982,"column":null}},"365":{"start":{"line":983,"column":2},"end":{"line":985,"column":null}},"366":{"start":{"line":984,"column":4},"end":{"line":984,"column":null}},"367":{"start":{"line":988,"column":8},"end":{"line":988,"column":null}},"368":{"start":{"line":988,"column":92},"end":{"line":988,"column":102}},"369":{"start":{"line":989,"column":2},"end":{"line":1009,"column":null}},"370":{"start":{"line":990,"column":4},"end":{"line":997,"column":null}},"371":{"start":{"line":991,"column":21},"end":{"line":991,"column":null}},"372":{"start":{"line":992,"column":6},"end":{"line":996,"column":null}},"373":{"start":{"line":998,"column":19},"end":{"line":998,"column":null}},"374":{"start":{"line":999,"column":19},"end":{"line":999,"column":null}},"375":{"start":{"line":1000,"column":16},"end":{"line":1000,"column":null}},"376":{"start":{"line":1000,"column":48},"end":{"line":1000,"column":84}},"377":{"start":{"line":1001,"column":4},"end":{"line":1006,"column":null}},"378":{"start":{"line":1008,"column":4},"end":{"line":1008,"column":null}},"379":{"start":{"line":1028,"column":2},"end":{"line":1028,"column":null}},"380":{"start":{"line":1028,"column":29},"end":{"line":1028,"column":null}},"381":{"start":{"line":1029,"column":21},"end":{"line":1029,"column":null}},"382":{"start":{"line":1030,"column":2},"end":{"line":1030,"column":null}},"383":{"start":{"line":1030,"column":32},"end":{"line":1030,"column":null}},"384":{"start":{"line":1031,"column":8},"end":{"line":1031,"column":null}},"385":{"start":{"line":1032,"column":2},"end":{"line":1048,"column":null}},"386":{"start":{"line":1034,"column":6},"end":{"line":1034,"column":null}},"387":{"start":{"line":1036,"column":6},"end":{"line":1036,"column":null}},"388":{"start":{"line":1038,"column":6},"end":{"line":1038,"column":null}},"389":{"start":{"line":1040,"column":6},"end":{"line":1040,"column":null}},"390":{"start":{"line":1042,"column":6},"end":{"line":1042,"column":null}},"391":{"start":{"line":1044,"column":6},"end":{"line":1044,"column":null}},"392":{"start":{"line":1057,"column":18},"end":{"line":1057,"column":null}},"393":{"start":{"line":1058,"column":2},"end":{"line":1058,"column":null}},"394":{"start":{"line":1060,"column":17},"end":{"line":1060,"column":null}},"395":{"start":{"line":1061,"column":8},"end":{"line":1068,"column":null}},"396":{"start":{"line":1062,"column":4},"end":{"line":1062,"column":null}},"397":{"start":{"line":1063,"column":10},"end":{"line":1063,"column":null}},"398":{"start":{"line":1063,"column":33},"end":{"line":1063,"column":58}},"399":{"start":{"line":1066,"column":4},"end":{"line":1066,"column":null}},"400":{"start":{"line":1067,"column":4},"end":{"line":1067,"column":null}},"401":{"start":{"line":1071,"column":2},"end":{"line":1142,"column":null}},"402":{"start":{"line":1074,"column":4},"end":{"line":1074,"column":null}},"403":{"start":{"line":1074,"column":24},"end":{"line":1074,"column":57}},"404":{"start":{"line":1075,"column":4},"end":{"line":1081,"column":null}},"405":{"start":{"line":1080,"column":50},"end":{"line":1080,"column":null}},"406":{"start":{"line":1082,"column":4},"end":{"line":1087,"column":null}},"407":{"start":{"line":1086,"column":50},"end":{"line":1086,"column":null}},"408":{"start":{"line":1088,"column":4},"end":{"line":1093,"column":null}},"409":{"start":{"line":1092,"column":50},"end":{"line":1092,"column":null}},"410":{"start":{"line":1094,"column":4},"end":{"line":1100,"column":null}},"411":{"start":{"line":1099,"column":50},"end":{"line":1099,"column":null}},"412":{"start":{"line":1101,"column":4},"end":{"line":1107,"column":null}},"413":{"start":{"line":1106,"column":50},"end":{"line":1106,"column":null}},"414":{"start":{"line":1108,"column":4},"end":{"line":1114,"column":null}},"415":{"start":{"line":1113,"column":50},"end":{"line":1113,"column":null}},"416":{"start":{"line":1115,"column":4},"end":{"line":1121,"column":null}},"417":{"start":{"line":1120,"column":50},"end":{"line":1120,"column":null}},"418":{"start":{"line":1122,"column":4},"end":{"line":1128,"column":null}},"419":{"start":{"line":1127,"column":50},"end":{"line":1127,"column":null}},"420":{"start":{"line":1129,"column":4},"end":{"line":1135,"column":null}},"421":{"start":{"line":1134,"column":50},"end":{"line":1134,"column":null}},"422":{"start":{"line":1136,"column":4},"end":{"line":1141,"column":null}},"423":{"start":{"line":1140,"column":50},"end":{"line":1140,"column":null}}},"fnMap":{"0":{"name":"graphArgs","decl":{"start":{"line":100,"column":9},"end":{"line":100,"column":19}},"loc":{"start":{"line":100,"column":42},"end":{"line":105,"column":null}},"line":100},"1":{"name":"(anonymous_1)","decl":{"start":{"line":102,"column":16},"end":{"line":102,"column":20}},"loc":{"start":{"line":102,"column":29},"end":{"line":104,"column":11}},"line":102},"2":{"name":"checkProfile","decl":{"start":{"line":129,"column":9},"end":{"line":129,"column":22}},"loc":{"start":{"line":129,"column":45},"end":{"line":134,"column":null}},"line":129},"3":{"name":"splitArgs","decl":{"start":{"line":141,"column":9},"end":{"line":141,"column":19}},"loc":{"start":{"line":141,"column":47},"end":{"line":143,"column":null}},"line":141},"4":{"name":"(anonymous_4)","decl":{"start":{"line":142,"column":39},"end":{"line":142,"column":46}},"loc":{"start":{"line":142,"column":54},"end":{"line":142,"column":69}},"line":142},"5":{"name":"resolveMembership","decl":{"start":{"line":153,"column":15},"end":{"line":153,"column":33}},"loc":{"start":{"line":153,"column":103},"end":{"line":163,"column":null}},"line":153},"6":{"name":"(anonymous_6)","decl":{"start":{"line":154,"column":46},"end":{"line":154,"column":51}},"loc":{"start":{"line":154,"column":60},"end":{"line":154,"column":97}},"line":154},"7":{"name":"(anonymous_7)","decl":{"start":{"line":157,"column":72},"end":{"line":157,"column":84}},"loc":{"start":{"line":157,"column":84},"end":{"line":157,"column":93}},"line":157},"8":{"name":"(anonymous_8)","decl":{"start":{"line":160,"column":35},"end":{"line":160,"column":40}},"loc":{"start":{"line":160,"column":49},"end":{"line":160,"column":73}},"line":160},"9":{"name":"objectOf","decl":{"start":{"line":170,"column":9},"end":{"line":170,"column":18}},"loc":{"start":{"line":170,"column":99},"end":{"line":172,"column":null}},"line":170},"10":{"name":"stringFieldOf","decl":{"start":{"line":180,"column":9},"end":{"line":180,"column":23}},"loc":{"start":{"line":180,"column":86},"end":{"line":183,"column":null}},"line":180},"11":{"name":"decisionDetail","decl":{"start":{"line":192,"column":9},"end":{"line":192,"column":24}},"loc":{"start":{"line":192,"column":96},"end":{"line":212,"column":null}},"line":192},"12":{"name":"(anonymous_12)","decl":{"start":{"line":205,"column":27},"end":{"line":205,"column":32}},"loc":{"start":{"line":205,"column":42},"end":{"line":205,"column":66}},"line":205},"13":{"name":"decisionLines","decl":{"start":{"line":222,"column":9},"end":{"line":222,"column":23}},"loc":{"start":{"line":222,"column":89},"end":{"line":232,"column":null}},"line":222},"14":{"name":"formatPendingLine","decl":{"start":{"line":241,"column":9},"end":{"line":241,"column":27}},"loc":{"start":{"line":241,"column":91},"end":{"line":244,"column":null}},"line":241},"15":{"name":"formatStagedList","decl":{"start":{"line":253,"column":9},"end":{"line":253,"column":26}},"loc":{"start":{"line":253,"column":116},"end":{"line":257,"column":null}},"line":253},"16":{"name":"(anonymous_16)","decl":{"start":{"line":256,"column":28},"end":{"line":256,"column":32}},"loc":{"start":{"line":256,"column":41},"end":{"line":256,"column":74}},"line":256},"17":{"name":"stagedFailureText","decl":{"start":{"line":268,"column":16},"end":{"line":268,"column":34}},"loc":{"start":{"line":268,"column":96},"end":{"line":271,"column":null}},"line":268},"18":{"name":"mutateStaged","decl":{"start":{"line":282,"column":15},"end":{"line":282,"column":null}},"loc":{"start":{"line":287,"column":26},"end":{"line":297,"column":null}},"line":287},"19":{"name":"executeMemory","decl":{"start":{"line":308,"column":15},"end":{"line":308,"column":null}},"loc":{"start":{"line":312,"column":26},"end":{"line":337,"column":null}},"line":312},"20":{"name":"(anonymous_20)","decl":{"start":{"line":319,"column":58},"end":{"line":319,"column":63}},"loc":{"start":{"line":319,"column":76},"end":{"line":319,"column":95}},"line":319},"21":{"name":"executeRefine","decl":{"start":{"line":346,"column":15},"end":{"line":346,"column":null}},"loc":{"start":{"line":350,"column":26},"end":{"line":363,"column":null}},"line":350},"22":{"name":"parseJourneyExportArgs","decl":{"start":{"line":376,"column":9},"end":{"line":376,"column":32}},"loc":{"start":{"line":376,"column":88},"end":{"line":400,"column":null}},"line":376},"23":{"name":"defaultExportPath","decl":{"start":{"line":406,"column":9},"end":{"line":406,"column":27}},"loc":{"start":{"line":406,"column":65},"end":{"line":410,"column":null}},"line":406},"24":{"name":"executeJourneyExport","decl":{"start":{"line":421,"column":15},"end":{"line":421,"column":null}},"loc":{"start":{"line":426,"column":26},"end":{"line":457,"column":null}},"line":426},"25":{"name":"executeJourney","decl":{"start":{"line":466,"column":15},"end":{"line":466,"column":null}},"loc":{"start":{"line":470,"column":26},"end":{"line":487,"column":null}},"line":470},"26":{"name":"executeGraph","decl":{"start":{"line":498,"column":9},"end":{"line":498,"column":null}},"loc":{"start":{"line":502,"column":17},"end":{"line":528,"column":null}},"line":502},"27":{"name":"(anonymous_27)","decl":{"start":{"line":515,"column":75},"end":{"line":515,"column":79}},"loc":{"start":{"line":515,"column":89},"end":{"line":515,"column":101}},"line":515},"28":{"name":"(anonymous_28)","decl":{"start":{"line":525,"column":20},"end":{"line":525,"column":24}},"loc":{"start":{"line":525,"column":33},"end":{"line":525,"column":84}},"line":525},"29":{"name":"executeSkills","decl":{"start":{"line":540,"column":15},"end":{"line":540,"column":null}},"loc":{"start":{"line":544,"column":26},"end":{"line":563,"column":null}},"line":544},"30":{"name":"(anonymous_30)","decl":{"start":{"line":546,"column":65},"end":{"line":546,"column":72}},"loc":{"start":{"line":546,"column":81},"end":{"line":546,"column":103}},"line":546},"31":{"name":"(anonymous_31)","decl":{"start":{"line":553,"column":25},"end":{"line":553,"column":30}},"loc":{"start":{"line":553,"column":43},"end":{"line":553,"column":62}},"line":553},"32":{"name":"parseTrajectoryArgs","decl":{"start":{"line":589,"column":9},"end":{"line":589,"column":29}},"loc":{"start":{"line":589,"column":82},"end":{"line":607,"column":null}},"line":589},"33":{"name":"runTrajectoryExport","decl":{"start":{"line":615,"column":15},"end":{"line":615,"column":35}},"loc":{"start":{"line":615,"column":103},"end":{"line":627,"column":null}},"line":615},"34":{"name":"executeTrajectory","decl":{"start":{"line":637,"column":15},"end":{"line":637,"column":null}},"loc":{"start":{"line":641,"column":26},"end":{"line":652,"column":null}},"line":641},"35":{"name":"(anonymous_35)","decl":{"start":{"line":647,"column":30},"end":{"line":647,"column":56}},"loc":{"start":{"line":647,"column":56},"end":{"line":647,"column":116}},"line":647},"36":{"name":"(anonymous_36)","decl":{"start":{"line":651,"column":15},"end":{"line":651,"column":41}},"loc":{"start":{"line":651,"column":41},"end":{"line":651,"column":77}},"line":651},"37":{"name":"buildLearnPrompt","decl":{"start":{"line":659,"column":16},"end":{"line":659,"column":33}},"loc":{"start":{"line":659,"column":56},"end":{"line":667,"column":null}},"line":659},"38":{"name":"executeLearn","decl":{"start":{"line":676,"column":9},"end":{"line":676,"column":22}},"loc":{"start":{"line":676,"column":68},"end":{"line":687,"column":null}},"line":676},"39":{"name":"blueprintOf","decl":{"start":{"line":709,"column":9},"end":{"line":709,"column":21}},"loc":{"start":{"line":709,"column":75},"end":{"line":716,"column":null}},"line":709},"40":{"name":"executeSuggestions","decl":{"start":{"line":726,"column":15},"end":{"line":726,"column":34}},"loc":{"start":{"line":726,"column":103},"end":{"line":749,"column":null}},"line":726},"41":{"name":"(anonymous_41)","decl":{"start":{"line":745,"column":19},"end":{"line":745,"column":23}},"loc":{"start":{"line":745,"column":32},"end":{"line":745,"column":146}},"line":745},"42":{"name":"executeCurator","decl":{"start":{"line":758,"column":15},"end":{"line":758,"column":30}},"loc":{"start":{"line":758,"column":99},"end":{"line":798,"column":null}},"line":758},"43":{"name":"executeCuratorStatus","decl":{"start":{"line":806,"column":15},"end":{"line":806,"column":36}},"loc":{"start":{"line":806,"column":101},"end":{"line":828,"column":null}},"line":806},"44":{"name":"(anonymous_44)","decl":{"start":{"line":809,"column":8},"end":{"line":809,"column":17}},"loc":{"start":{"line":810,"column":4},"end":{"line":810,"column":null}},"line":810},"45":{"name":"(anonymous_45)","decl":{"start":{"line":810,"column":12},"end":{"line":810,"column":19}},"loc":{"start":{"line":810,"column":28},"end":{"line":810,"column":59}},"line":810},"46":{"name":"(anonymous_46)","decl":{"start":{"line":819,"column":144},"end":{"line":819,"column":151}},"loc":{"start":{"line":819,"column":160},"end":{"line":819,"column":178}},"line":819},"47":{"name":"runCuratorPass","decl":{"start":{"line":836,"column":15},"end":{"line":836,"column":30}},"loc":{"start":{"line":836,"column":98},"end":{"line":853,"column":null}},"line":836},"48":{"name":"(anonymous_48)","decl":{"start":{"line":838,"column":8},"end":{"line":838,"column":18}},"loc":{"start":{"line":838,"column":58},"end":{"line":838,"column":null}},"line":838},"49":{"name":"(anonymous_49)","decl":{"start":{"line":845,"column":28},"end":{"line":845,"column":32}},"loc":{"start":{"line":845,"column":46},"end":{"line":845,"column":107}},"line":845},"50":{"name":"(anonymous_50)","decl":{"start":{"line":848,"column":88},"end":{"line":848,"column":92}},"loc":{"start":{"line":848,"column":105},"end":{"line":848,"column":119}},"line":848},"51":{"name":"executeCuratorAdopt","decl":{"start":{"line":862,"column":15},"end":{"line":862,"column":35}},"loc":{"start":{"line":862,"column":100},"end":{"line":869,"column":null}},"line":862},"52":{"name":"executeCuratorPurge","decl":{"start":{"line":877,"column":15},"end":{"line":877,"column":35}},"loc":{"start":{"line":877,"column":103},"end":{"line":884,"column":null}},"line":877},"53":{"name":"(anonymous_53)","decl":{"start":{"line":882,"column":42},"end":{"line":882,"column":46}},"loc":{"start":{"line":882,"column":51},"end":{"line":882,"column":102}},"line":882},"54":{"name":"executeCuratorRollback","decl":{"start":{"line":893,"column":15},"end":{"line":893,"column":38}},"loc":{"start":{"line":893,"column":101},"end":{"line":906,"column":null}},"line":893},"55":{"name":"(anonymous_55)","decl":{"start":{"line":900,"column":27},"end":{"line":900,"column":31}},"loc":{"start":{"line":900,"column":36},"end":{"line":900,"column":70}},"line":900},"56":{"name":"executeCuratorLedger","decl":{"start":{"line":914,"column":15},"end":{"line":914,"column":36}},"loc":{"start":{"line":914,"column":87},"end":{"line":921,"column":null}},"line":914},"57":{"name":"(anonymous_57)","decl":{"start":{"line":917,"column":23},"end":{"line":917,"column":27}},"loc":{"start":{"line":918,"column":4},"end":{"line":918,"column":null}},"line":918},"58":{"name":"executeCuratorStaged","decl":{"start":{"line":928,"column":15},"end":{"line":928,"column":36}},"loc":{"start":{"line":928,"column":87},"end":{"line":933,"column":null}},"line":928},"59":{"name":"(anonymous_59)","decl":{"start":{"line":931,"column":21},"end":{"line":931,"column":25}},"loc":{"start":{"line":931,"column":32},"end":{"line":931,"column":81}},"line":931},"60":{"name":"executeCuratorPin","decl":{"start":{"line":941,"column":15},"end":{"line":941,"column":33}},"loc":{"start":{"line":941,"column":155},"end":{"line":948,"column":null}},"line":941},"61":{"name":"executeCuratorUnpin","decl":{"start":{"line":956,"column":15},"end":{"line":956,"column":35}},"loc":{"start":{"line":956,"column":157},"end":{"line":963,"column":null}},"line":956},"62":{"name":"executeDream","decl":{"start":{"line":973,"column":15},"end":{"line":973,"column":null}},"loc":{"start":{"line":978,"column":26},"end":{"line":1010,"column":null}},"line":978},"63":{"name":"(anonymous_63)","decl":{"start":{"line":988,"column":82},"end":{"line":988,"column":86}},"loc":{"start":{"line":988,"column":92},"end":{"line":988,"column":102}},"line":988},"64":{"name":"(anonymous_64)","decl":{"start":{"line":1000,"column":35},"end":{"line":1000,"column":39}},"loc":{"start":{"line":1000,"column":48},"end":{"line":1000,"column":84}},"line":1000},"65":{"name":"handleCommand","decl":{"start":{"line":1020,"column":15},"end":{"line":1020,"column":null}},"loc":{"start":{"line":1025,"column":26},"end":{"line":1049,"column":null}},"line":1025},"66":{"name":"apply","decl":{"start":{"line":1056,"column":16},"end":{"line":1056,"column":22}},"loc":{"start":{"line":1056,"column":58},"end":{"line":1143,"column":null}},"line":1056},"67":{"name":"(anonymous_67)","decl":{"start":{"line":1061,"column":8},"end":{"line":1061,"column":17}},"loc":{"start":{"line":1061,"column":79},"end":{"line":1068,"column":null}},"line":1061},"68":{"name":"(anonymous_68)","decl":{"start":{"line":1063,"column":10},"end":{"line":1063,"column":31}},"loc":{"start":{"line":1063,"column":31},"end":{"line":1063,"column":null}},"line":1063},"69":{"name":"(anonymous_69)","decl":{"start":{"line":1071,"column":13},"end":{"line":1071,"column":26}},"loc":{"start":{"line":1071,"column":26},"end":{"line":1142,"column":5}},"line":1071},"70":{"name":"(anonymous_70)","decl":{"start":{"line":1074,"column":10},"end":{"line":1074,"column":22}},"loc":{"start":{"line":1074,"column":22},"end":{"line":1074,"column":null}},"line":1074},"71":{"name":"(anonymous_71)","decl":{"start":{"line":1080,"column":6},"end":{"line":1080,"column":16}},"loc":{"start":{"line":1080,"column":50},"end":{"line":1080,"column":null}},"line":1080},"72":{"name":"(anonymous_72)","decl":{"start":{"line":1086,"column":6},"end":{"line":1086,"column":16}},"loc":{"start":{"line":1086,"column":50},"end":{"line":1086,"column":null}},"line":1086},"73":{"name":"(anonymous_73)","decl":{"start":{"line":1092,"column":6},"end":{"line":1092,"column":16}},"loc":{"start":{"line":1092,"column":50},"end":{"line":1092,"column":null}},"line":1092},"74":{"name":"(anonymous_74)","decl":{"start":{"line":1099,"column":6},"end":{"line":1099,"column":16}},"loc":{"start":{"line":1099,"column":50},"end":{"line":1099,"column":null}},"line":1099},"75":{"name":"(anonymous_75)","decl":{"start":{"line":1106,"column":6},"end":{"line":1106,"column":16}},"loc":{"start":{"line":1106,"column":50},"end":{"line":1106,"column":null}},"line":1106},"76":{"name":"(anonymous_76)","decl":{"start":{"line":1113,"column":6},"end":{"line":1113,"column":16}},"loc":{"start":{"line":1113,"column":50},"end":{"line":1113,"column":null}},"line":1113},"77":{"name":"(anonymous_77)","decl":{"start":{"line":1120,"column":6},"end":{"line":1120,"column":16}},"loc":{"start":{"line":1120,"column":50},"end":{"line":1120,"column":null}},"line":1120},"78":{"name":"(anonymous_78)","decl":{"start":{"line":1127,"column":6},"end":{"line":1127,"column":16}},"loc":{"start":{"line":1127,"column":50},"end":{"line":1127,"column":null}},"line":1127},"79":{"name":"(anonymous_79)","decl":{"start":{"line":1134,"column":6},"end":{"line":1134,"column":16}},"loc":{"start":{"line":1134,"column":50},"end":{"line":1134,"column":null}},"line":1134},"80":{"name":"(anonymous_80)","decl":{"start":{"line":1140,"column":6},"end":{"line":1140,"column":16}},"loc":{"start":{"line":1140,"column":50},"end":{"line":1140,"column":null}},"line":1140}},"branchMap":{"0":{"loc":{"start":{"line":101,"column":17},"end":{"line":101,"column":null}},"type":"binary-expr","locations":[{"start":{"line":101,"column":17},"end":{"line":101,"column":46}},{"start":{"line":101,"column":46},"end":{"line":101,"column":null}}],"line":101},"1":{"loc":{"start":{"line":102,"column":29},"end":{"line":104,"column":11}},"type":"cond-expr","locations":[{"start":{"line":103,"column":6},"end":{"line":103,"column":null}},{"start":{"line":104,"column":6},"end":{"line":104,"column":11}}],"line":102},"2":{"loc":{"start":{"line":102,"column":29},"end":{"line":102,"column":null}},"type":"binary-expr","locations":[{"start":{"line":102,"column":29},"end":{"line":102,"column":49}},{"start":{"line":102,"column":49},"end":{"line":102,"column":74}},{"start":{"line":102,"column":74},"end":{"line":102,"column":null}}],"line":102},"3":{"loc":{"start":{"line":130,"column":2},"end":{"line":130,"column":null}},"type":"if","locations":[{"start":{"line":130,"column":2},"end":{"line":130,"column":null}},{"start":{},"end":{}}],"line":130},"4":{"loc":{"start":{"line":131,"column":2},"end":{"line":133,"column":null}},"type":"if","locations":[{"start":{"line":131,"column":2},"end":{"line":133,"column":null}},{"start":{},"end":{}}],"line":131},"5":{"loc":{"start":{"line":155,"column":2},"end":{"line":155,"column":null}},"type":"if","locations":[{"start":{"line":155,"column":2},"end":{"line":155,"column":null}},{"start":{},"end":{}}],"line":155},"6":{"loc":{"start":{"line":157,"column":20},"end":{"line":157,"column":null}},"type":"cond-expr","locations":[{"start":{"line":157,"column":40},"end":{"line":157,"column":52}},{"start":{"line":157,"column":52},"end":{"line":157,"column":null}}],"line":157},"7":{"loc":{"start":{"line":158,"column":16},"end":{"line":160,"column":null}},"type":"cond-expr","locations":[{"start":{"line":159,"column":6},"end":{"line":159,"column":null}},{"start":{"line":160,"column":6},"end":{"line":160,"column":null}}],"line":158},"8":{"loc":{"start":{"line":161,"column":2},"end":{"line":161,"column":null}},"type":"if","locations":[{"start":{"line":161,"column":2},"end":{"line":161,"column":null}},{"start":{},"end":{}}],"line":161},"9":{"loc":{"start":{"line":171,"column":9},"end":{"line":171,"column":null}},"type":"cond-expr","locations":[{"start":{"line":171,"column":80},"end":{"line":171,"column":88}},{"start":{"line":171,"column":88},"end":{"line":171,"column":null}}],"line":171},"10":{"loc":{"start":{"line":171,"column":9},"end":{"line":171,"column":80}},"type":"binary-expr","locations":[{"start":{"line":171,"column":9},"end":{"line":171,"column":38}},{"start":{"line":171,"column":38},"end":{"line":171,"column":56}},{"start":{"line":171,"column":56},"end":{"line":171,"column":80}}],"line":171},"11":{"loc":{"start":{"line":182,"column":9},"end":{"line":182,"column":null}},"type":"cond-expr","locations":[{"start":{"line":182,"column":37},"end":{"line":182,"column":45}},{"start":{"line":182,"column":45},"end":{"line":182,"column":null}}],"line":182},"12":{"loc":{"start":{"line":194,"column":2},"end":{"line":194,"column":null}},"type":"if","locations":[{"start":{"line":194,"column":2},"end":{"line":194,"column":null}},{"start":{},"end":{}}],"line":194},"13":{"loc":{"start":{"line":195,"column":2},"end":{"line":198,"column":null}},"type":"if","locations":[{"start":{"line":195,"column":2},"end":{"line":198,"column":null}},{"start":{},"end":{}}],"line":195},"14":{"loc":{"start":{"line":197,"column":11},"end":{"line":197,"column":null}},"type":"cond-expr","locations":[{"start":{"line":197,"column":37},"end":{"line":197,"column":49}},{"start":{"line":197,"column":49},"end":{"line":197,"column":null}}],"line":197},"15":{"loc":{"start":{"line":200,"column":2},"end":{"line":200,"column":null}},"type":"if","locations":[{"start":{"line":200,"column":2},"end":{"line":200,"column":null}},{"start":{},"end":{}}],"line":200},"16":{"loc":{"start":{"line":205,"column":19},"end":{"line":205,"column":null}},"type":"binary-expr","locations":[{"start":{"line":205,"column":19},"end":{"line":205,"column":82}},{"start":{"line":205,"column":82},"end":{"line":205,"column":null}}],"line":205},"17":{"loc":{"start":{"line":206,"column":2},"end":{"line":206,"column":null}},"type":"if","locations":[{"start":{"line":206,"column":2},"end":{"line":206,"column":null}},{"start":{},"end":{}}],"line":206},"18":{"loc":{"start":{"line":207,"column":2},"end":{"line":207,"column":null}},"type":"if","locations":[{"start":{"line":207,"column":2},"end":{"line":207,"column":null}},{"start":{},"end":{}}],"line":207},"19":{"loc":{"start":{"line":211,"column":9},"end":{"line":211,"column":null}},"type":"cond-expr","locations":[{"start":{"line":211,"column":37},"end":{"line":211,"column":67}},{"start":{"line":211,"column":67},"end":{"line":211,"column":null}}],"line":211},"20":{"loc":{"start":{"line":223,"column":2},"end":{"line":223,"column":null}},"type":"if","locations":[{"start":{"line":223,"column":2},"end":{"line":223,"column":null}},{"start":{},"end":{}}],"line":223},"21":{"loc":{"start":{"line":225,"column":2},"end":{"line":225,"column":null}},"type":"if","locations":[{"start":{"line":225,"column":2},"end":{"line":225,"column":null}},{"start":{},"end":{}}],"line":225},"22":{"loc":{"start":{"line":229,"column":4},"end":{"line":229,"column":null}},"type":"if","locations":[{"start":{"line":229,"column":4},"end":{"line":229,"column":null}},{"start":{},"end":{}}],"line":229},"23":{"loc":{"start":{"line":254,"column":2},"end":{"line":254,"column":null}},"type":"if","locations":[{"start":{"line":254,"column":2},"end":{"line":254,"column":null}},{"start":{},"end":{}}],"line":254},"24":{"loc":{"start":{"line":255,"column":17},"end":{"line":255,"column":null}},"type":"cond-expr","locations":[{"start":{"line":255,"column":39},"end":{"line":255,"column":62}},{"start":{"line":255,"column":62},"end":{"line":255,"column":null}}],"line":255},"25":{"loc":{"start":{"line":269,"column":2},"end":{"line":269,"column":null}},"type":"if","locations":[{"start":{"line":269,"column":2},"end":{"line":269,"column":null}},{"start":{},"end":{}}],"line":269},"26":{"loc":{"start":{"line":289,"column":4},"end":{"line":290,"column":null}},"type":"if","locations":[{"start":{"line":289,"column":4},"end":{"line":290,"column":null}},{"start":{"line":290,"column":9},"end":{"line":290,"column":null}}],"line":289},"27":{"loc":{"start":{"line":293,"column":4},"end":{"line":293,"column":null}},"type":"if","locations":[{"start":{"line":293,"column":4},"end":{"line":293,"column":null}},{"start":{},"end":{}}],"line":293},"28":{"loc":{"start":{"line":314,"column":2},"end":{"line":317,"column":null}},"type":"if","locations":[{"start":{"line":314,"column":2},"end":{"line":317,"column":null}},{"start":{},"end":{}}],"line":314},"29":{"loc":{"start":{"line":314,"column":2},"end":{"line":314,"column":91}},"type":"binary-expr","locations":[{"start":{"line":314,"column":7},"end":{"line":314,"column":29}},{"start":{"line":314,"column":29},"end":{"line":314,"column":52}},{"start":{"line":314,"column":52},"end":{"line":314,"column":72}},{"start":{"line":314,"column":72},"end":{"line":314,"column":91}}],"line":314},"30":{"loc":{"start":{"line":316,"column":53},"end":{"line":316,"column":75}},"type":"binary-expr","locations":[{"start":{"line":316,"column":53},"end":{"line":316,"column":71}},{"start":{"line":316,"column":71},"end":{"line":316,"column":75}}],"line":316},"31":{"loc":{"start":{"line":316,"column":84},"end":{"line":316,"column":110}},"type":"binary-expr","locations":[{"start":{"line":316,"column":84},"end":{"line":316,"column":108}},{"start":{"line":316,"column":108},"end":{"line":316,"column":110}}],"line":316},"32":{"loc":{"start":{"line":318,"column":2},"end":{"line":335,"column":null}},"type":"if","locations":[{"start":{"line":318,"column":2},"end":{"line":335,"column":null}},{"start":{},"end":{}}],"line":318},"33":{"loc":{"start":{"line":318,"column":2},"end":{"line":318,"column":90}},"type":"binary-expr","locations":[{"start":{"line":318,"column":7},"end":{"line":318,"column":29}},{"start":{"line":318,"column":29},"end":{"line":318,"column":51}},{"start":{"line":318,"column":51},"end":{"line":318,"column":71}},{"start":{"line":318,"column":71},"end":{"line":318,"column":90}}],"line":318},"34":{"loc":{"start":{"line":320,"column":4},"end":{"line":320,"column":null}},"type":"if","locations":[{"start":{"line":320,"column":4},"end":{"line":320,"column":null}},{"start":{},"end":{}}],"line":320},"35":{"loc":{"start":{"line":321,"column":4},"end":{"line":326,"column":null}},"type":"if","locations":[{"start":{"line":321,"column":4},"end":{"line":326,"column":null}},{"start":{},"end":{}}],"line":321},"36":{"loc":{"start":{"line":321,"column":8},"end":{"line":321,"column":54}},"type":"binary-expr","locations":[{"start":{"line":321,"column":8},"end":{"line":321,"column":30}},{"start":{"line":321,"column":30},"end":{"line":321,"column":54}}],"line":321},"37":{"loc":{"start":{"line":331,"column":6},"end":{"line":333,"column":null}},"type":"cond-expr","locations":[{"start":{"line":332,"column":10},"end":{"line":332,"column":null}},{"start":{"line":333,"column":10},"end":{"line":333,"column":null}}],"line":331},"38":{"loc":{"start":{"line":351,"column":2},"end":{"line":351,"column":null}},"type":"if","locations":[{"start":{"line":351,"column":2},"end":{"line":351,"column":null}},{"start":{},"end":{}}],"line":351},"39":{"loc":{"start":{"line":353,"column":2},"end":{"line":353,"column":null}},"type":"if","locations":[{"start":{"line":353,"column":2},"end":{"line":353,"column":null}},{"start":{},"end":{}}],"line":353},"40":{"loc":{"start":{"line":357,"column":4},"end":{"line":357,"column":null}},"type":"if","locations":[{"start":{"line":357,"column":4},"end":{"line":357,"column":null}},{"start":{},"end":{}}],"line":357},"41":{"loc":{"start":{"line":359,"column":4},"end":{"line":359,"column":null}},"type":"if","locations":[{"start":{"line":359,"column":4},"end":{"line":359,"column":null}},{"start":{},"end":{}}],"line":359},"42":{"loc":{"start":{"line":381,"column":2},"end":{"line":384,"column":null}},"type":"if","locations":[{"start":{"line":381,"column":2},"end":{"line":384,"column":null}},{"start":{},"end":{}}],"line":381},"43":{"loc":{"start":{"line":381,"column":6},"end":{"line":381,"column":48}},"type":"binary-expr","locations":[{"start":{"line":381,"column":6},"end":{"line":381,"column":25}},{"start":{"line":381,"column":20},"end":{"line":381,"column":48}}],"line":381},"44":{"loc":{"start":{"line":388,"column":4},"end":{"line":395,"column":null}},"type":"if","locations":[{"start":{"line":388,"column":4},"end":{"line":395,"column":null}},{"start":{"line":393,"column":11},"end":{"line":395,"column":null}}],"line":388},"45":{"loc":{"start":{"line":390,"column":6},"end":{"line":390,"column":null}},"type":"if","locations":[{"start":{"line":390,"column":6},"end":{"line":390,"column":null}},{"start":{},"end":{}}],"line":390},"46":{"loc":{"start":{"line":390,"column":10},"end":{"line":390,"column":78}},"type":"binary-expr","locations":[{"start":{"line":390,"column":10},"end":{"line":390,"column":31}},{"start":{"line":390,"column":31},"end":{"line":390,"column":54}},{"start":{"line":390,"column":54},"end":{"line":390,"column":78}}],"line":390},"47":{"loc":{"start":{"line":407,"column":15},"end":{"line":407,"column":null}},"type":"binary-expr","locations":[{"start":{"line":407,"column":15},"end":{"line":407,"column":39}},{"start":{"line":407,"column":27},"end":{"line":407,"column":null}}],"line":407},"48":{"loc":{"start":{"line":407,"column":44},"end":{"line":407,"column":96}},"type":"binary-expr","locations":[{"start":{"line":407,"column":44},"end":{"line":407,"column":64}},{"start":{"line":407,"column":64},"end":{"line":407,"column":91}},{"start":{"line":407,"column":91},"end":{"line":407,"column":96}}],"line":407},"49":{"loc":{"start":{"line":428,"column":2},"end":{"line":428,"column":null}},"type":"if","locations":[{"start":{"line":428,"column":2},"end":{"line":428,"column":null}},{"start":{},"end":{}}],"line":428},"50":{"loc":{"start":{"line":452,"column":18},"end":{"line":452,"column":null}},"type":"binary-expr","locations":[{"start":{"line":452,"column":18},"end":{"line":452,"column":32}},{"start":{"line":452,"column":32},"end":{"line":452,"column":null}}],"line":452},"51":{"loc":{"start":{"line":472,"column":2},"end":{"line":472,"column":null}},"type":"if","locations":[{"start":{"line":472,"column":2},"end":{"line":472,"column":null}},{"start":{},"end":{}}],"line":472},"52":{"loc":{"start":{"line":473,"column":16},"end":{"line":473,"column":null}},"type":"binary-expr","locations":[{"start":{"line":473,"column":16},"end":{"line":473,"column":27}},{"start":{"line":473,"column":27},"end":{"line":473,"column":null}}],"line":473},"53":{"loc":{"start":{"line":474,"column":2},"end":{"line":474,"column":null}},"type":"if","locations":[{"start":{"line":474,"column":2},"end":{"line":474,"column":null}},{"start":{},"end":{}}],"line":474},"54":{"loc":{"start":{"line":474,"column":6},"end":{"line":474,"column":47}},"type":"binary-expr","locations":[{"start":{"line":474,"column":6},"end":{"line":474,"column":25}},{"start":{"line":474,"column":25},"end":{"line":474,"column":47}}],"line":474},"55":{"loc":{"start":{"line":504,"column":2},"end":{"line":504,"column":null}},"type":"if","locations":[{"start":{"line":504,"column":2},"end":{"line":504,"column":null}},{"start":{},"end":{}}],"line":504},"56":{"loc":{"start":{"line":504,"column":6},"end":{"line":504,"column":47}},"type":"binary-expr","locations":[{"start":{"line":504,"column":6},"end":{"line":504,"column":30}},{"start":{"line":504,"column":30},"end":{"line":504,"column":47}}],"line":504},"57":{"loc":{"start":{"line":506,"column":2},"end":{"line":506,"column":null}},"type":"if","locations":[{"start":{"line":506,"column":2},"end":{"line":506,"column":null}},{"start":{},"end":{}}],"line":506},"58":{"loc":{"start":{"line":507,"column":2},"end":{"line":517,"column":null}},"type":"if","locations":[{"start":{"line":507,"column":2},"end":{"line":517,"column":null}},{"start":{},"end":{}}],"line":507},"59":{"loc":{"start":{"line":509,"column":4},"end":{"line":509,"column":null}},"type":"if","locations":[{"start":{"line":509,"column":4},"end":{"line":509,"column":null}},{"start":{},"end":{}}],"line":509},"60":{"loc":{"start":{"line":510,"column":4},"end":{"line":512,"column":null}},"type":"if","locations":[{"start":{"line":510,"column":4},"end":{"line":512,"column":null}},{"start":{},"end":{}}],"line":510},"61":{"loc":{"start":{"line":520,"column":2},"end":{"line":520,"column":null}},"type":"if","locations":[{"start":{"line":520,"column":2},"end":{"line":520,"column":null}},{"start":{},"end":{}}],"line":520},"62":{"loc":{"start":{"line":546,"column":18},"end":{"line":546,"column":65}},"type":"binary-expr","locations":[{"start":{"line":546,"column":18},"end":{"line":546,"column":61}},{"start":{"line":546,"column":61},"end":{"line":546,"column":65}}],"line":546},"63":{"loc":{"start":{"line":547,"column":2},"end":{"line":551,"column":null}},"type":"if","locations":[{"start":{"line":547,"column":2},"end":{"line":551,"column":null}},{"start":{},"end":{}}],"line":547},"64":{"loc":{"start":{"line":547,"column":2},"end":{"line":547,"column":91}},"type":"binary-expr","locations":[{"start":{"line":547,"column":7},"end":{"line":547,"column":29}},{"start":{"line":547,"column":29},"end":{"line":547,"column":52}},{"start":{"line":547,"column":52},"end":{"line":547,"column":72}},{"start":{"line":547,"column":72},"end":{"line":547,"column":91}}],"line":547},"65":{"loc":{"start":{"line":550,"column":36},"end":{"line":550,"column":120}},"type":"cond-expr","locations":[{"start":{"line":550,"column":58},"end":{"line":550,"column":73}},{"start":{"line":550,"column":73},"end":{"line":550,"column":120}}],"line":550},"66":{"loc":{"start":{"line":552,"column":2},"end":{"line":561,"column":null}},"type":"if","locations":[{"start":{"line":552,"column":2},"end":{"line":561,"column":null}},{"start":{},"end":{}}],"line":552},"67":{"loc":{"start":{"line":552,"column":6},"end":{"line":552,"column":67}},"type":"binary-expr","locations":[{"start":{"line":552,"column":6},"end":{"line":552,"column":28}},{"start":{"line":552,"column":28},"end":{"line":552,"column":48}},{"start":{"line":552,"column":48},"end":{"line":552,"column":67}}],"line":552},"68":{"loc":{"start":{"line":554,"column":4},"end":{"line":554,"column":null}},"type":"if","locations":[{"start":{"line":554,"column":4},"end":{"line":554,"column":null}},{"start":{},"end":{}}],"line":554},"69":{"loc":{"start":{"line":594,"column":4},"end":{"line":604,"column":null}},"type":"if","locations":[{"start":{"line":594,"column":4},"end":{"line":604,"column":null}},{"start":{"line":597,"column":11},"end":{"line":604,"column":null}}],"line":594},"70":{"loc":{"start":{"line":595,"column":6},"end":{"line":595,"column":null}},"type":"if","locations":[{"start":{"line":595,"column":6},"end":{"line":595,"column":null}},{"start":{},"end":{}}],"line":595},"71":{"loc":{"start":{"line":597,"column":11},"end":{"line":604,"column":null}},"type":"if","locations":[{"start":{"line":597,"column":11},"end":{"line":604,"column":null}},{"start":{"line":602,"column":11},"end":{"line":604,"column":null}}],"line":597},"72":{"loc":{"start":{"line":599,"column":6},"end":{"line":599,"column":null}},"type":"if","locations":[{"start":{"line":599,"column":6},"end":{"line":599,"column":null}},{"start":{},"end":{}}],"line":599},"73":{"loc":{"start":{"line":599,"column":10},"end":{"line":599,"column":78}},"type":"binary-expr","locations":[{"start":{"line":599,"column":10},"end":{"line":599,"column":31}},{"start":{"line":599,"column":31},"end":{"line":599,"column":54}},{"start":{"line":599,"column":54},"end":{"line":599,"column":78}}],"line":599},"74":{"loc":{"start":{"line":620,"column":89},"end":{"line":620,"column":127}},"type":"cond-expr","locations":[{"start":{"line":620,"column":118},"end":{"line":620,"column":123}},{"start":{"line":620,"column":123},"end":{"line":620,"column":127}}],"line":620},"75":{"loc":{"start":{"line":624,"column":4},"end":{"line":624,"column":null}},"type":"if","locations":[{"start":{"line":624,"column":4},"end":{"line":624,"column":null}},{"start":{},"end":{}}],"line":624},"76":{"loc":{"start":{"line":643,"column":2},"end":{"line":643,"column":null}},"type":"if","locations":[{"start":{"line":643,"column":2},"end":{"line":643,"column":null}},{"start":{},"end":{}}],"line":643},"77":{"loc":{"start":{"line":645,"column":2},"end":{"line":645,"column":null}},"type":"if","locations":[{"start":{"line":645,"column":2},"end":{"line":645,"column":null}},{"start":{},"end":{}}],"line":645},"78":{"loc":{"start":{"line":646,"column":18},"end":{"line":646,"column":null}},"type":"cond-expr","locations":[{"start":{"line":646,"column":43},"end":{"line":646,"column":48}},{"start":{"line":646,"column":48},"end":{"line":646,"column":null}}],"line":646},"79":{"loc":{"start":{"line":647,"column":2},"end":{"line":647,"column":null}},"type":"if","locations":[{"start":{"line":647,"column":2},"end":{"line":647,"column":null}},{"start":{},"end":{}}],"line":647},"80":{"loc":{"start":{"line":649,"column":2},"end":{"line":649,"column":null}},"type":"if","locations":[{"start":{"line":649,"column":2},"end":{"line":649,"column":null}},{"start":{},"end":{}}],"line":649},"81":{"loc":{"start":{"line":678,"column":2},"end":{"line":678,"column":null}},"type":"if","locations":[{"start":{"line":678,"column":2},"end":{"line":678,"column":null}},{"start":{},"end":{}}],"line":678},"82":{"loc":{"start":{"line":710,"column":16},"end":{"line":710,"column":null}},"type":"binary-expr","locations":[{"start":{"line":710,"column":16},"end":{"line":710,"column":35}},{"start":{"line":710,"column":35},"end":{"line":710,"column":null}}],"line":710},"83":{"loc":{"start":{"line":711,"column":2},"end":{"line":711,"column":null}},"type":"if","locations":[{"start":{"line":711,"column":2},"end":{"line":711,"column":null}},{"start":{},"end":{}}],"line":711},"84":{"loc":{"start":{"line":711,"column":6},"end":{"line":711,"column":51}},"type":"binary-expr","locations":[{"start":{"line":711,"column":6},"end":{"line":711,"column":35}},{"start":{"line":711,"column":35},"end":{"line":711,"column":51}}],"line":711},"85":{"loc":{"start":{"line":713,"column":2},"end":{"line":713,"column":null}},"type":"if","locations":[{"start":{"line":713,"column":2},"end":{"line":713,"column":null}},{"start":{},"end":{}}],"line":713},"86":{"loc":{"start":{"line":713,"column":6},"end":{"line":713,"column":66}},"type":"binary-expr","locations":[{"start":{"line":713,"column":6},"end":{"line":713,"column":38}},{"start":{"line":713,"column":38},"end":{"line":713,"column":66}}],"line":713},"87":{"loc":{"start":{"line":714,"column":2},"end":{"line":714,"column":null}},"type":"if","locations":[{"start":{"line":714,"column":2},"end":{"line":714,"column":null}},{"start":{},"end":{}}],"line":714},"88":{"loc":{"start":{"line":714,"column":6},"end":{"line":714,"column":51}},"type":"binary-expr","locations":[{"start":{"line":714,"column":6},"end":{"line":714,"column":31}},{"start":{"line":714,"column":31},"end":{"line":714,"column":51}}],"line":714},"89":{"loc":{"start":{"line":727,"column":2},"end":{"line":727,"column":null}},"type":"if","locations":[{"start":{"line":727,"column":2},"end":{"line":727,"column":null}},{"start":{},"end":{}}],"line":727},"90":{"loc":{"start":{"line":729,"column":2},"end":{"line":729,"column":null}},"type":"if","locations":[{"start":{"line":729,"column":2},"end":{"line":729,"column":null}},{"start":{},"end":{}}],"line":729},"91":{"loc":{"start":{"line":731,"column":18},"end":{"line":731,"column":null}},"type":"cond-expr","locations":[{"start":{"line":731,"column":38},"end":{"line":731,"column":70}},{"start":{"line":731,"column":70},"end":{"line":731,"column":null}}],"line":731},"92":{"loc":{"start":{"line":735,"column":4},"end":{"line":735,"column":null}},"type":"if","locations":[{"start":{"line":735,"column":4},"end":{"line":735,"column":null}},{"start":{},"end":{}}],"line":735},"93":{"loc":{"start":{"line":737,"column":4},"end":{"line":737,"column":null}},"type":"if","locations":[{"start":{"line":737,"column":4},"end":{"line":737,"column":null}},{"start":{},"end":{}}],"line":737},"94":{"loc":{"start":{"line":740,"column":2},"end":{"line":740,"column":null}},"type":"if","locations":[{"start":{"line":740,"column":2},"end":{"line":740,"column":null}},{"start":{},"end":{}}],"line":740},"95":{"loc":{"start":{"line":744,"column":44},"end":{"line":744,"column":78}},"type":"cond-expr","locations":[{"start":{"line":744,"column":69},"end":{"line":744,"column":74}},{"start":{"line":744,"column":74},"end":{"line":744,"column":78}}],"line":744},"96":{"loc":{"start":{"line":762,"column":2},"end":{"line":762,"column":null}},"type":"if","locations":[{"start":{"line":762,"column":2},"end":{"line":762,"column":null}},{"start":{},"end":{}}],"line":762},"97":{"loc":{"start":{"line":765,"column":2},"end":{"line":770,"column":null}},"type":"if","locations":[{"start":{"line":765,"column":2},"end":{"line":770,"column":null}},{"start":{},"end":{}}],"line":765},"98":{"loc":{"start":{"line":765,"column":6},"end":{"line":765,"column":42}},"type":"binary-expr","locations":[{"start":{"line":765,"column":6},"end":{"line":765,"column":24}},{"start":{"line":765,"column":24},"end":{"line":765,"column":42}}],"line":765},"99":{"loc":{"start":{"line":766,"column":4},"end":{"line":766,"column":null}},"type":"if","locations":[{"start":{"line":766,"column":4},"end":{"line":766,"column":null}},{"start":{},"end":{}}],"line":766},"100":{"loc":{"start":{"line":768,"column":4},"end":{"line":768,"column":null}},"type":"if","locations":[{"start":{"line":768,"column":4},"end":{"line":768,"column":null}},{"start":{},"end":{}}],"line":768},"101":{"loc":{"start":{"line":769,"column":11},"end":{"line":769,"column":null}},"type":"cond-expr","locations":[{"start":{"line":769,"column":28},"end":{"line":769,"column":69}},{"start":{"line":769,"column":69},"end":{"line":769,"column":null}}],"line":769},"102":{"loc":{"start":{"line":774,"column":2},"end":{"line":783,"column":null}},"type":"switch","locations":[{"start":{"line":775,"column":4},"end":{"line":775,"column":null}},{"start":{"line":776,"column":4},"end":{"line":776,"column":null}},{"start":{"line":777,"column":4},"end":{"line":777,"column":null}},{"start":{"line":778,"column":4},"end":{"line":778,"column":null}},{"start":{"line":779,"column":4},"end":{"line":779,"column":null}},{"start":{"line":780,"column":4},"end":{"line":780,"column":null}},{"start":{"line":781,"column":4},"end":{"line":781,"column":null}},{"start":{"line":782,"column":4},"end":{"line":782,"column":null}}],"line":774},"103":{"loc":{"start":{"line":775,"column":19},"end":{"line":775,"column":87}},"type":"if","locations":[{"start":{"line":775,"column":19},"end":{"line":775,"column":87}},{"start":{},"end":{}}],"line":775},"104":{"loc":{"start":{"line":776,"column":16},"end":{"line":776,"column":134}},"type":"if","locations":[{"start":{"line":776,"column":16},"end":{"line":776,"column":134}},{"start":{},"end":{}}],"line":776},"105":{"loc":{"start":{"line":776,"column":20},"end":{"line":776,"column":87}},"type":"binary-expr","locations":[{"start":{"line":776,"column":20},"end":{"line":776,"column":40}},{"start":{"line":776,"column":40},"end":{"line":776,"column":61}},{"start":{"line":776,"column":61},"end":{"line":776,"column":87}}],"line":776},"106":{"loc":{"start":{"line":777,"column":18},"end":{"line":777,"column":88}},"type":"if","locations":[{"start":{"line":777,"column":18},"end":{"line":777,"column":88}},{"start":{},"end":{}}],"line":777},"107":{"loc":{"start":{"line":778,"column":18},"end":{"line":778,"column":136}},"type":"if","locations":[{"start":{"line":778,"column":18},"end":{"line":778,"column":136}},{"start":{},"end":{}}],"line":778},"108":{"loc":{"start":{"line":778,"column":22},"end":{"line":778,"column":89}},"type":"binary-expr","locations":[{"start":{"line":778,"column":22},"end":{"line":778,"column":42}},{"start":{"line":778,"column":42},"end":{"line":778,"column":63}},{"start":{"line":778,"column":63},"end":{"line":778,"column":89}}],"line":778},"109":{"loc":{"start":{"line":779,"column":21},"end":{"line":779,"column":113}},"type":"if","locations":[{"start":{"line":779,"column":21},"end":{"line":779,"column":113}},{"start":{},"end":{}}],"line":779},"110":{"loc":{"start":{"line":779,"column":25},"end":{"line":779,"column":66}},"type":"binary-expr","locations":[{"start":{"line":779,"column":25},"end":{"line":779,"column":46}},{"start":{"line":779,"column":46},"end":{"line":779,"column":66}}],"line":779},"111":{"loc":{"start":{"line":780,"column":19},"end":{"line":780,"column":87}},"type":"if","locations":[{"start":{"line":780,"column":19},"end":{"line":780,"column":87}},{"start":{},"end":{}}],"line":780},"112":{"loc":{"start":{"line":781,"column":19},"end":{"line":781,"column":87}},"type":"if","locations":[{"start":{"line":781,"column":19},"end":{"line":781,"column":87}},{"start":{},"end":{}}],"line":781},"113":{"loc":{"start":{"line":786,"column":2},"end":{"line":786,"column":null}},"type":"if","locations":[{"start":{"line":786,"column":2},"end":{"line":786,"column":null}},{"start":{},"end":{}}],"line":786},"114":{"loc":{"start":{"line":788,"column":2},"end":{"line":797,"column":null}},"type":"switch","locations":[{"start":{"line":789,"column":4},"end":{"line":789,"column":null}},{"start":{"line":790,"column":4},"end":{"line":790,"column":null}},{"start":{"line":791,"column":4},"end":{"line":791,"column":null}},{"start":{"line":792,"column":4},"end":{"line":792,"column":null}},{"start":{"line":793,"column":4},"end":{"line":793,"column":null}},{"start":{"line":794,"column":4},"end":{"line":794,"column":null}},{"start":{"line":795,"column":4},"end":{"line":795,"column":null}},{"start":{"line":796,"column":4},"end":{"line":796,"column":null}}],"line":788},"115":{"loc":{"start":{"line":808,"column":18},"end":{"line":808,"column":null}},"type":"binary-expr","locations":[{"start":{"line":808,"column":18},"end":{"line":808,"column":42}},{"start":{"line":808,"column":42},"end":{"line":808,"column":null}}],"line":808},"116":{"loc":{"start":{"line":816,"column":26},"end":{"line":816,"column":null}},"type":"binary-expr","locations":[{"start":{"line":816,"column":26},"end":{"line":816,"column":49}},{"start":{"line":816,"column":49},"end":{"line":816,"column":null}}],"line":816},"117":{"loc":{"start":{"line":817,"column":4},"end":{"line":819,"column":null}},"type":"cond-expr","locations":[{"start":{"line":818,"column":8},"end":{"line":818,"column":null}},{"start":{"line":819,"column":8},"end":{"line":819,"column":null}}],"line":817},"118":{"loc":{"start":{"line":820,"column":4},"end":{"line":822,"column":null}},"type":"cond-expr","locations":[{"start":{"line":821,"column":8},"end":{"line":821,"column":null}},{"start":{"line":822,"column":8},"end":{"line":822,"column":null}}],"line":820},"119":{"loc":{"start":{"line":823,"column":4},"end":{"line":825,"column":null}},"type":"cond-expr","locations":[{"start":{"line":824,"column":8},"end":{"line":824,"column":null}},{"start":{"line":825,"column":8},"end":{"line":825,"column":null}}],"line":823},"120":{"loc":{"start":{"line":825,"column":120},"end":{"line":825,"column":156}},"type":"cond-expr","locations":[{"start":{"line":825,"column":147},"end":{"line":825,"column":152}},{"start":{"line":825,"column":152},"end":{"line":825,"column":156}}],"line":825},"121":{"loc":{"start":{"line":838,"column":77},"end":{"line":838,"column":null}},"type":"cond-expr","locations":[{"start":{"line":838,"column":91},"end":{"line":838,"column":96}},{"start":{"line":838,"column":96},"end":{"line":838,"column":null}}],"line":838},"122":{"loc":{"start":{"line":842,"column":6},"end":{"line":844,"column":null}},"type":"cond-expr","locations":[{"start":{"line":843,"column":10},"end":{"line":843,"column":null}},{"start":{"line":844,"column":10},"end":{"line":844,"column":null}}],"line":842},"123":{"loc":{"start":{"line":846,"column":6},"end":{"line":848,"column":null}},"type":"cond-expr","locations":[{"start":{"line":847,"column":10},"end":{"line":847,"column":null}},{"start":{"line":848,"column":10},"end":{"line":848,"column":null}}],"line":846},"124":{"loc":{"start":{"line":850,"column":6},"end":{"line":850,"column":null}},"type":"cond-expr","locations":[{"start":{"line":850,"column":31},"end":{"line":850,"column":50}},{"start":{"line":850,"column":50},"end":{"line":850,"column":null}}],"line":850},"125":{"loc":{"start":{"line":867,"column":34},"end":{"line":867,"column":83}},"type":"cond-expr","locations":[{"start":{"line":867,"column":57},"end":{"line":867,"column":71}},{"start":{"line":867,"column":71},"end":{"line":867,"column":83}}],"line":867},"126":{"loc":{"start":{"line":879,"column":17},"end":{"line":881,"column":null}},"type":"cond-expr","locations":[{"start":{"line":880,"column":6},"end":{"line":880,"column":null}},{"start":{"line":881,"column":6},"end":{"line":881,"column":null}}],"line":879},"127":{"loc":{"start":{"line":880,"column":71},"end":{"line":880,"column":109}},"type":"cond-expr","locations":[{"start":{"line":880,"column":100},"end":{"line":880,"column":105}},{"start":{"line":880,"column":105},"end":{"line":880,"column":109}}],"line":880},"128":{"loc":{"start":{"line":881,"column":70},"end":{"line":881,"column":108}},"type":"cond-expr","locations":[{"start":{"line":881,"column":99},"end":{"line":881,"column":104}},{"start":{"line":881,"column":104},"end":{"line":881,"column":108}}],"line":881},"129":{"loc":{"start":{"line":882,"column":65},"end":{"line":882,"column":102}},"type":"cond-expr","locations":[{"start":{"line":882,"column":82},"end":{"line":882,"column":98}},{"start":{"line":882,"column":98},"end":{"line":882,"column":102}}],"line":882},"130":{"loc":{"start":{"line":899,"column":87},"end":{"line":899,"column":127}},"type":"cond-expr","locations":[{"start":{"line":899,"column":118},"end":{"line":899,"column":123}},{"start":{"line":899,"column":123},"end":{"line":899,"column":127}}],"line":899},"131":{"loc":{"start":{"line":904,"column":34},"end":{"line":904,"column":83}},"type":"cond-expr","locations":[{"start":{"line":904,"column":57},"end":{"line":904,"column":71}},{"start":{"line":904,"column":71},"end":{"line":904,"column":83}}],"line":904},"132":{"loc":{"start":{"line":916,"column":2},"end":{"line":916,"column":null}},"type":"if","locations":[{"start":{"line":916,"column":2},"end":{"line":916,"column":null}},{"start":{},"end":{}}],"line":916},"133":{"loc":{"start":{"line":918,"column":60},"end":{"line":918,"column":null}},"type":"cond-expr","locations":[{"start":{"line":918,"column":82},"end":{"line":918,"column":87}},{"start":{"line":918,"column":87},"end":{"line":918,"column":null}}],"line":918},"134":{"loc":{"start":{"line":920,"column":59},"end":{"line":920,"column":91}},"type":"cond-expr","locations":[{"start":{"line":920,"column":81},"end":{"line":920,"column":86}},{"start":{"line":920,"column":86},"end":{"line":920,"column":91}}],"line":920},"135":{"loc":{"start":{"line":930,"column":2},"end":{"line":930,"column":null}},"type":"if","locations":[{"start":{"line":930,"column":2},"end":{"line":930,"column":null}},{"sta
[...]
,"C:\\project\\.NET\\deepseek-harness\\packages\\evolution\\evolution-curator\\src\\safety.ts": {"path":"C:\\project\\.NET\\deepseek-harness\\packages\\evolution\\evolution-curator\\src\\safety.ts","statementMap":{"0":{"start":{"line":53,"column":24},"end":{"line":53,"column":null}},"1":{"start":{"line":56,"column":28},"end":{"line":56,"column":null}},"2":{"start":{"line":63,"column":2},"end":{"line":63,"column":null}},"3":{"start":{"line":72,"column":2},"end":{"line":72,"column":null}},"4":{"start":{"line":87,"column":16},"end":{"line":87,"column":null}},"5":{"start":{"line":87,"column":40},"end":{"line":87,"column":59}},"6":{"start":{"line":88,"column":2},"end":{"line":88,"column":null}},"7":{"start":{"line":88,"column":55},"end":{"line":88,"column":null}},"8":{"start":{"line":89,"column":2},"end":{"line":89,"column":null}},"9":{"start":{"line":89,"column":43},"end":{"line":89,"column":null}},"10":{"start":{"line":90,"column":2},"end":{"line":90,"column":null}},"11":{"start":{"line":100,"column":2},"end":{"line":103,"column":null}},"12":{"start":{"line":101,"column":10},"end":{"line":101,"column":null}},"13":{"start":{"line":102,"column":10},"end":{"line":102,"column":null}},"14":{"start":{"line":113,"column":2},"end":{"line":113,"column":null}},"15":{"start":{"line":114,"column":2},"end":{"line":114,"column":null}},"16":{"start":{"line":136,"column":8},"end":{"line":136,"column":null}},"17":{"start":{"line":137,"column":2},"end":{"line":137,"column":null}},"18":{"start":{"line":138,"column":31},"end":{"line":138,"column":null}},"19":{"start":{"line":139,"column":16},"end":{"line":139,"column":null}},"20":{"start":{"line":140,"column":2},"end":{"line":151,"column":null}},"21":{"start":{"line":141,"column":17},"end":{"line":141,"column":null}},"22":{"start":{"line":142,"column":4},"end":{"line":142,"column":null}},"23":{"start":{"line":143,"column":4},"end":{"line":143,"column":null}},"24":{"start":{"line":144,"column":4},"end":{"line":144,"column":null}},"25":{"start":{"line":145,"column":16},"end":{"line":145,"column":null}},"26":{"start":{"line":146,"column":4},"end":{"line":149,"column":null}},"27":{"start":{"line":147,"column":6},"end":{"line":147,"column":null}},"28":{"start":{"line":148,"column":6},"end":{"line":148,"column":null}},"29":{"start":{"line":150,"column":4},"end":{"line":150,"column":null}},"30":{"start":{"line":152,"column":2},"end":{"line":152,"column":null}},"31":{"start":{"line":153,"column":18},"end":{"line":153,"column":null}},"32":{"start":{"line":154,"column":2},"end":{"line":154,"column":null}},"33":{"start":{"line":155,"column":2},"end":{"line":155,"column":null}},"34":{"start":{"line":156,"column":2},"end":{"line":156,"column":null}},"35":{"start":{"line":157,"column":2},"end":{"line":157,"column":null}},"36":{"start":{"line":158,"column":2},"end":{"line":158,"column":null}},"37":{"start":{"line":172,"column":13},"end":{"line":172,"column":null}},"38":{"start":{"line":173,"column":2},"end":{"line":175,"column":null}},"39":{"start":{"line":174,"column":4},"end":{"line":174,"column":null}},"40":{"start":{"line":176,"column":2},"end":{"line":176,"column":null}},"41":{"start":{"line":185,"column":8},"end":{"line":185,"column":null}},"42":{"start":{"line":186,"column":2},"end":{"line":186,"column":null}},"43":{"start":{"line":186,"column":32},"end":{"line":186,"column":null}},"44":{"start":{"line":187,"column":8},"end":{"line":190,"column":null}},"45":{"start":{"line":188,"column":21},"end":{"line":188,"column":83}},"46":{"start":{"line":191,"column":2},"end":{"line":193,"column":null}},"47":{"start":{"line":192,"column":4},"end":{"line":192,"column":null}},"48":{"start":{"line":202,"column":26},"end":{"line":202,"column":null}},"49":{"start":{"line":203,"column":2},"end":{"line":208,"column":null}},"50":{"start":{"line":206,"column":6},"end":{"line":206,"column":null}},"51":{"start":{"line":209,"column":2},"end":{"line":209,"column":null}},"52":{"start":{"line":218,"column":2},"end":{"line":218,"column":null}},"53":{"start":{"line":219,"column":2},"end":{"line":219,"column":null}},"54":{"start":{"line":232,"column":8},"end":{"line":232,"column":null}},"55":{"start":{"line":233,"column":2},"end":{"line":233,"column":null}},"56":{"start":{"line":233,"column":33},"end":{"line":233,"column":null}},"57":{"start":{"line":234,"column":33},"end":{"line":234,"column":null}},"58":{"start":{"line":235,"column":2},"end":{"line":242,"column":null}},"59":{"start":{"line":236,"column":4},"end":{"line":236,"column":null}},"60":{"start":{"line":236,"column":27},"end":{"line":236,"column":null}},"61":{"start":{"line":237,"column":4},"end":{"line":241,"column":null}},"62":{"start":{"line":238,"column":6},"end":{"line":238,"column":null}},"63":{"start":{"line":240,"column":6},"end":{"line":240,"column":null}},"64":{"start":{"line":243,"column":2},"end":{"line":243,"column":null}},"65":{"start":{"line":253,"column":2},"end":{"line":253,"column":null}},"66":{"start":{"line":263,"column":2},"end":{"line":263,"column":null}},"67":{"start":{"line":264,"column":2},"end":{"line":264,"column":null}},"68":{"start":{"line":265,"column":2},"end":{"line":265,"column":null}},"69":{"start":{"line":275,"column":2},"end":{"line":282,"column":null}},"70":{"start":{"line":276,"column":4},"end":{"line":278,"column":null}},"71":{"start":{"line":277,"column":6},"end":{"line":277,"column":null}},"72":{"start":{"line":279,"column":4},"end":{"line":281,"column":null}},"73":{"start":{"line":280,"column":6},"end":{"line":280,"column":null}},"74":{"start":{"line":283,"column":2},"end":{"line":283,"column":null}},"75":{"start":{"line":283,"column":28},"end":{"line":283,"column":null}}},"fnMap":{"0":{"name":"curatorHome","decl":{"start":{"line":62,"column":16},"end":{"line":62,"column":38}},"loc":{"start":{"line":62,"column":38},"end":{"line":64,"column":null}},"line":62},"1":{"name":"recordSha","decl":{"start":{"line":71,"column":16},"end":{"line":71,"column":26}},"loc":{"start":{"line":71,"column":60},"end":{"line":73,"column":null}},"line":71},"2":{"name":"resolveBackupDir","decl":{"start":{"line":83,"column":16},"end":{"line":83,"column":null}},"loc":{"start":{"line":86,"column":22},"end":{"line":91,"column":null}},"line":86},"3":{"name":"(anonymous_3)","decl":{"start":{"line":87,"column":26},"end":{"line":87,"column":31}},"loc":{"start":{"line":87,"column":40},"end":{"line":87,"column":59}},"line":87},"4":{"name":"pathExists","decl":{"start":{"line":99,"column":22},"end":{"line":99,"column":33}},"loc":{"start":{"line":99,"column":65},"end":{"line":104,"column":null}},"line":99},"5":{"name":"(anonymous_5)","decl":{"start":{"line":100,"column":20},"end":{"line":100,"column":null}},"loc":{"start":{"line":101,"column":10},"end":{"line":101,"column":null}},"line":101},"6":{"name":"(anonymous_6)","decl":{"start":{"line":101,"column":10},"end":{"line":101,"column":null}},"loc":{"start":{"line":102,"column":10},"end":{"line":102,"column":null}},"line":102},"7":{"name":"writeBlob","decl":{"start":{"line":112,"column":22},"end":{"line":112,"column":32}},"loc":{"start":{"line":112,"column":88},"end":{"line":115,"column":null}},"line":112},"8":{"name":"snapshotPass","decl":{"start":{"line":128,"column":22},"end":{"line":128,"column":null}},"loc":{"start":{"line":135,"column":54},"end":{"line":159,"column":null}},"line":135},"9":{"name":"snapshotPreRollback","decl":{"start":{"line":168,"column":22},"end":{"line":168,"column":null}},"loc":{"start":{"line":171,"column":19},"end":{"line":177,"column":null}},"line":171},"10":{"name":"pruneSnapshots","decl":{"start":{"line":184,"column":22},"end":{"line":184,"column":37}},"loc":{"start":{"line":184,"column":80},"end":{"line":194,"column":null}},"line":184},"11":{"name":"(anonymous_11)","decl":{"start":{"line":188,"column":5},"end":{"line":188,"column":12}},"loc":{"start":{"line":188,"column":21},"end":{"line":188,"column":83}},"line":188},"12":{"name":"listArchive","decl":{"start":{"line":201,"column":22},"end":{"line":201,"column":34}},"loc":{"start":{"line":201,"column":67},"end":{"line":210,"column":null}},"line":201},"13":{"name":"(anonymous_13)","decl":{"start":{"line":205,"column":4},"end":{"line":205,"column":18}},"loc":{"start":{"line":205,"column":28},"end":{"line":207,"column":null}},"line":205},"14":{"name":"appendLedger","decl":{"start":{"line":217,"column":22},"end":{"line":217,"column":35}},"loc":{"start":{"line":217,"column":84},"end":{"line":220,"column":null}},"line":217},"15":{"name":"readLedger","decl":{"start":{"line":231,"column":22},"end":{"line":231,"column":33}},"loc":{"start":{"line":231,"column":71},"end":{"line":244,"column":null}},"line":231},"16":{"name":"readBlob","decl":{"start":{"line":252,"column":22},"end":{"line":252,"column":31}},"loc":{"start":{"line":252,"column":75},"end":{"line":254,"column":null}},"line":252},"17":{"name":"moveTree","decl":{"start":{"line":262,"column":22},"end":{"line":262,"column":31}},"loc":{"start":{"line":262,"column":72},"end":{"line":266,"column":null}},"line":262},"18":{"name":"reverseMoves","decl":{"start":{"line":274,"column":22},"end":{"line":274,"column":35}},"loc":{"start":{"line":274,"column":98},"end":{"line":284,"column":null}},"line":274}},"branchMap":{"0":{"loc":{"start":{"line":88,"column":2},"end":{"line":88,"column":null}},"type":"if","locations":[{"start":{"line":88,"column":2},"end":{"line":88,"column":null}},{"start":{},"end":{}}],"line":88},"1":{"loc":{"start":{"line":88,"column":6},"end":{"line":88,"column":55}},"type":"binary-expr","locations":[{"start":{"line":88,"column":6},"end":{"line":88,"column":29}},{"start":{"line":88,"column":29},"end":{"line":88,"column":55}}],"line":88},"2":{"loc":{"start":{"line":89,"column":2},"end":{"line":89,"column":null}},"type":"if","locations":[{"start":{"line":89,"column":2},"end":{"line":89,"column":null}},{"start":{},"end":{}}],"line":89},"3":{"loc":{"start":{"line":146,"column":4},"end":{"line":149,"column":null}},"type":"if","locations":[{"start":{"line":146,"column":4},"end":{"line":149,"column":null}},{"start":{},"end":{}}],"line":146},"4":{"loc":{"start":{"line":146,"column":8},"end":{"line":146,"column":55}},"type":"binary-expr","locations":[{"start":{"line":146,"column":8},"end":{"line":146,"column":29}},{"start":{"line":146,"column":29},"end":{"line":146,"column":55}}],"line":146},"5":{"loc":{"start":{"line":186,"column":2},"end":{"line":186,"column":null}},"type":"if","locations":[{"start":{"line":186,"column":2},"end":{"line":186,"column":null}},{"start":{},"end":{}}],"line":186},"6":{"loc":{"start":{"line":188,"column":21},"end":{"line":188,"column":83}},"type":"binary-expr","locations":[{"start":{"line":188,"column":21},"end":{"line":188,"column":58}},{"start":{"line":188,"column":58},"end":{"line":188,"column":83}}],"line":188},"7":{"loc":{"start":{"line":233,"column":2},"end":{"line":233,"column":null}},"type":"if","locations":[{"start":{"line":233,"column":2},"end":{"line":233,"column":null}},{"start":{},"end":{}}],"line":233},"8":{"loc":{"start":{"line":236,"column":4},"end":{"line":236,"column":null}},"type":"if","locations":[{"start":{"line":236,"column":4},"end":{"line":236,"column":null}},{"start":{},"end":{}}],"line":236},"9":{"loc":{"start":{"line":276,"column":4},"end":{"line":278,"column":null}},"type":"if","locations":[{"start":{"line":276,"column":4},"end":{"line":278,"column":null}},{"start":{},"end":{}}],"line":276},"10":{"loc":{"start":{"line":279,"column":4},"end":{"line":281,"column":null}},"type":"if","locations":[{"start":{"line":279,"column":4},"end":{"line":281,"column":null}},{"start":{},"end":{}}],"line":279}},"s":{"0":3,"1":3,"2":99,"3":136,"4":48,"5":74,"6":48,"7":27,"8":21,"9":1,"10":20,"11":103,"12":77,"13":26,"14":67,"15":67,"16":20,"17":20,"18":20,"19":20,"20":20,"21":27,"22":27,"23":27,"24":27,"25":27,"26":27,"27":22,"28":22,"29":5,"30":20,"31":20,"32":20,"33":20,"34":20,"35":20,"36":20,"37":3,"38":3,"39":3,"40":3,"41":23,"42":23,"43":1,"44":22,"45":31,"46":22,"47":1,"48":2,"49":2,"50":19,"51":2,"52":78,"53":78,"54":46,"55":46,"56":11,"57":35,"58":35,"59":142,"60":34,"61":108,"62":108,"63":1,"64":34,"65":5,"66":5,"67":5,"68":5,"69":3,"70":3,"71":1,"72":2,"73":1,"74":1,"75":1},"f":{"0":99,"1":136,"2":48,"3":74,"4":103,"5":77,"6":26,"7":67,"8":20,"9":3,"10":23,"11":31,"12":2,"13":19,"14":78,"15":46,"16":5,"17":5,"18":3},"b":{"0":[27,21],"1":[48,36],"2":[1,20],"3":[22,5],"4":[27,5],"5":[1,22],"6":[31,29],"7":[11,35],"8":[34,108],"9":[1,2],"10":[1,1]},"meta":{"lastBranch":11,"lastFunction":19,"lastStatement":76,"seen":{"s:53:24:53:Infinity":0,"s:56:28:56:Infinity":1,"f:62:16:62:38":0,"s:63:2:63:Infinity":2,"f:71:16:71:26":1,"s:72:2:72:Infinity":3,"f:83:16:83:Infinity":2,"s:87:16:87:Infinity":4,"f:87:26:87:31":3,"s:87:40:87:59":5,"b:88:2:88:Infinity:undefined:undefined:undefined:undefined":0,"s:88:2:88:Infinity":6,"b:88:6:88:29:88:29:88:55":1,"s:88:55:88:Infinity":7,"b:89:2:89:Infinity:undefined:undefined:undefined:undefined":2,"s:89:2:89:Infinity":8,"s:89:43:89:Infinity":9,"s:90:2:90:Infinity":10,"f:99:22:99:33":4,"s:100:2:103:Infinity":11,"f:100:20:100:Infinity":5,"s:101:10:101:Infinity":12,"f:101:10:101:Infinity":6,"s:102:10:102:Infinity":13,"f:112:22:112:32":7,"s:113:2:113:Infinity":14,"s:114:2:114:Infinity":15,"f:128:22:128:Infinity":8,"s:136:8:136:Infinity":16,"s:137:2:137:Infinity":17,"s:138:31:138:Infinity":18,"s:139:16:139:Infinity":19,"s:140:2:151:Infinity":20,"s:141:17:141:Infinity":21,"s:142:4:142:Infinity":22,"s:143:4:143:Infinity":23,"s:144:4:144:Infinity":24,"s:145:16:145:Infinity":25,"b:146:4:149:Infinity:undefined:undefined:undefined:undefined":3,"s:146:4:149:Infinity":26,"b:146:8:146:29:146:29:146:55":4,"s:147:6:147:Infinity":27,"s:148:6:148:Infinity":28,"s:150:4:150:Infinity":29,"s:152:2:152:Infinity":30,"s:153:18:153:Infinity":31,"s:154:2:154:Infinity":32,"s:155:2:155:Infinity":33,"s:156:2:156:Infinity":34,"s:157:2:157:Infinity":35,"s:158:2:158:Infinity":36,"f:168:22:168:Infinity":9,"s:172:13:172:Infinity":37,"s:173:2:175:Infinity":38,"s:174:4:174:Infinity":39,"s:176:2:176:Infinity":40,"f:184:22:184:37":10,"s:185:8:185:Infinity":41,"b:186:2:186:Infinity:undefined:undefined:undefined:undefined":5,"s:186:2:186:Infinity":42,"s:186:32:186:Infinity":43,"s:187:8:190:Infinity":44,"f:188:5:188:12":11,"s:188:21:188:83":45,"b:188:21:188:58:188:58:188:83":6,"s:191:2:193:Infinity":46,"s:192:4:192:Infinity":47,"f:201:22:201:34":12,"s:202:26:202:Infinity":48,"s:203:2:208:Infinity":49,"f:205:4:205:18":13,"s:206:6:206:Infinity":50,"s:209:2:209:Infinity":51,"f:217:22:217:35":14,"s:218:2:218:Infinity":52,"s:219:2:219:Infinity":53,"f:231:22:231:33":15,"s:232:8:232:Infinity":54,"b:233:2:233:Infinity:undefined:undefined:undefined:undefined":7,"s:233:2:233:Infinity":55,"s:233:33:233:Infinity":56,"s:234:33:234:Infinity":57,"s:235:2:242:Infinity":58,"b:236:4:236:Infinity:undefined:undefined:undefined:undefined":8,"s:236:4:236:Infinity":59,"s:236:27:236:Infinity":60,"s:237:4:241:Infinity":61,"s:238:6:238:Infinity":62,"s:240:6:240:Infinity":63,"s:243:2:243:Infinity":64,"f:252:22:252:31":16,"s:253:2:253:Infinity":65,"f:262:22:262:31":17,"s:263:2:263:Infinity":66,"s:264:2:264:Infinity":67,"s:265:2:265:Infinity":68,"f:274:22:274:35":18,"s:275:2:282:Infinity":69,"b:276:4:278:Infinity:undefined:undefined:undefined:undefined":9,"s:276:4:278:Infinity":70,"s:277:6:277:Infinity":71,"b:279:4:281:Infinity:undefined:undefined:undefined:undefined":10,"s:279:4:281:Infinity":72,"s:280:6:280:Infinity":73,"s:283:2:283:Infinity":74,"s:283:28:283:Infinity":75},"fnNames":{}}}
,"C:\\project\\.NET\\deepseek-harness\\packages\\evolution\\evolution-curator\\src\\spec.ts": {"path":"C:\\project\\.NET\\deepseek-harness\\packages\\evolution\\evolution-curator\\src\\spec.ts","statementMap":{"0":{"start":{"line":12,"column":28},"end":{"line":14,"column":null}},"1":{"start":{"line":24,"column":13},"end":{"line":31,"column":null}}},"fnMap":{},"branchMap":{},"s":{"0":3,"1":3},"f":{},"b":{},"meta":{"lastBranch":0,"lastFunction":0,"lastStatement":2,"seen":{"s:12:28:14:Infinity":0,"s:24:13:31:Infinity":1},"fnNames":{}}}
,"C:\\project\\.NET\\deepseek-harness\\packages\\evolution\\evolution-curator\\src\\stage.ts": {"path":"C:\\project\\.NET\\deepseek-harness\\packages\\evolution\\evolution-curator\\src\\stage.ts","statementMap":{"0":{"start":{"line":28,"column":23},"end":{"line":28,"column":null}},"1":{"start":{"line":29,"column":16},"end":{"line":29,"column":null}},"2":{"start":{"line":30,"column":2},"end":{"line":30,"column":null}},"3":{"start":{"line":30,"column":34},"end":{"line":30,"column":null}},"4":{"start":{"line":31,"column":22},"end":{"line":31,"column":null}},"5":{"start":{"line":32,"column":2},"end":{"line":32,"column":null}},"6":{"start":{"line":32,"column":45},"end":{"line":32,"column":null}},"7":{"start":{"line":33,"column":2},"end":{"line":39,"column":null}},"8":{"start":{"line":49,"column":2},"end":{"line":50,"column":null}},"9":{"start":{"line":50,"column":4},"end":{"line":50,"column":77}}},"fnMap":{"0":{"name":"stageCandidate","decl":{"start":{"line":23,"column":16},"end":{"line":23,"column":null}},"loc":{"start":{"line":27,"column":31},"end":{"line":40,"column":null}},"line":27},"1":{"name":"orderStaged","decl":{"start":{"line":48,"column":16},"end":{"line":48,"column":55}},"loc":{"start":{"line":48,"column":86},"end":{"line":51,"column":null}},"line":48},"2":{"name":"(anonymous_2)","decl":{"start":{"line":49,"column":25},"end":{"line":49,"column":31}},"loc":{"start":{"line":50,"column":4},"end":{"line":50,"column":77}},"line":50}},"branchMap":{"0":{"loc":{"start":{"line":28,"column":23},"end":{"line":28,"column":null}},"type":"binary-expr","locations":[{"start":{"line":28,"column":23},"end":{"line":28,"column":45}},{"start":{"line":28,"column":45},"end":{"line":28,"column":null}}],"line":28},"1":{"loc":{"start":{"line":30,"column":2},"end":{"line":30,"column":null}},"type":"if","locations":[{"start":{"line":30,"column":2},"end":{"line":30,"column":null}},{"start":{},"end":{}}],"line":30},"2":{"loc":{"start":{"line":32,"column":2},"end":{"line":32,"column":null}},"type":"if","locations":[{"start":{"line":32,"column":2},"end":{"line":32,"column":null}},{"start":{},"end":{}}],"line":32},"3":{"loc":{"start":{"line":50,"column":4},"end":{"line":50,"column":77}},"type":"binary-expr","locations":[{"start":{"line":50,"column":4},"end":{"line":50,"column":45}},{"start":{"line":50,"column":45},"end":{"line":50,"column":77}}],"line":50},"4":{"loc":{"start":{"line":50,"column":45},"end":{"line":50,"column":77}},"type":"cond-expr","locations":[{"start":{"line":50,"column":70},"end":{"line":50,"column":75}},{"start":{"line":50,"column":75},"end":{"line":50,"column":77}}],"line":50}},"s":{"0":50,"1":50,"2":50,"3":37,"4":13,"5":13,"6":1,"7":12,"8":39,"9":8},"f":{"0":50,"1":39,"2":8},"b":{"0":[50,36],"1":[37,13],"2":[1,12],"3":[8,5],"4":[4,1]},"meta":{"lastBranch":5,"lastFunction":3,"lastStatement":10,"seen":{"f:23:16:23:Infinity":0,"s:28:23:28:Infinity":0,"b:28:23:28:45:28:45:28:Infinity":0,"s:29:16:29:Infinity":1,"b:30:2:30:Infinity:undefined:undefined:undefined:undefined":1,"s:30:2:30:Infinity":2,"s:30:34:30:Infinity":3,"s:31:22:31:Infinity":4,"b:32:2:32:Infinity:undefined:undefined:undefined:undefined":2,"s:32:2:32:Infinity":5,"s:32:45:32:Infinity":6,"s:33:2:39:Infinity":7,"f:48:16:48:55":1,"s:49:2:50:Infinity":8,"f:49:25:49:31":2,"s:50:4:50:77":9,"b:50:4:50:45:50:45:50:77":3,"b:50:70:50:75:50:75:50:77":4},"fnNames":{}}}
}
